This is pdfTeX, Version 3.141592653-2.6-1.40.25 (MiKTeX 24.1 Portable) (preloaded format=pdflatex 2025.12.8)  4 MAR 2026 22:09
entering extended mode
 \write18 enabled.
 file:line:error style messages enabled.
 %&-line parsing enabled.
**d:/UNIOVI/latex-compiler/3Carrera/SO/V1/code.tex
(d:/UNIOVI/latex-compiler/3Carrera/SO/V1/code.tex
LaTeX2e <2023-11-01> patch level 1
L3 programming layer <2024-01-04>
(C:\MikTex\texmfs\install\tex/latex/l3backend\l3backend-pdftex.def
File: l3backend-pdftex.def 2024-01-04 L3 backend support: PDF output (pdfTeX)
\l__color_backend_stack_int=\count187
\l__pdf_internal_box=\box51
) (code.aux)
\openout1 = `code.aux'.

LaTeX Font Info:    Checking defaults for OML/cmm/m/it on input line 72.
LaTeX Font Info:    ... okay on input line 72.
LaTeX Font Info:    Checking defaults for OMS/cmsy/m/n on input line 72.
LaTeX Font Info:    ... okay on input line 72.
LaTeX Font Info:    Checking defaults for OT1/cmr/m/n on input line 72.
LaTeX Font Info:    ... okay on input line 72.
LaTeX Font Info:    Checking defaults for T1/cmr/m/n on input line 72.
LaTeX Font Info:    ... okay on input line 72.
LaTeX Font Info:    Checking defaults for TS1/cmr/m/n on input line 72.
LaTeX Font Info:    ... okay on input line 72.
LaTeX Font Info:    Checking defaults for OMX/cmex/m/n on input line 72.
LaTeX Font Info:    ... okay on input line 72.
LaTeX Font Info:    Checking defaults for U/cmr/m/n on input line 72.
LaTeX Font Info:    ... okay on input line 72.


d:/UNIOVI/latex-compiler/3Carrera/SO/V1/code.tex:72: LaTeX Error: The font size
 command \normalsize is not defined:
               there is probably something wrong with the class file.

See the LaTeX manual or LaTeX Companion for explanation.
Type  H <return>  for immediate help.
 ...                                              
                                                  
l.72 \begin{document}
                     
Your command was ignored.
Type  I <command> <return>  to replace it with another command,
or  <return>  to continue without it.

d:/UNIOVI/latex-compiler/3Carrera/SO/V1/code.tex:74: Undefined control sequence
.
l.74 \section
             *{}
The control sequence at the end of the top line
of your error message was never \def'ed. If you have
misspelled it (e.g., `\hobx'), type `I' and the correct
spelling (e.g., `I\hbox'). Otherwise just continue,
and I'll forget about whatever was undefined.


d:/UNIOVI/latex-compiler/3Carrera/SO/V1/code.tex:76: LaTeX Error: Environment V
erbatim undefined.

See the LaTeX manual or LaTeX Companion for explanation.
Type  H <return>  for immediate help.
 ...                                              
                                                  
l.76 \begin{Verbatim}
                     [commandchars=\\\{\},numbers=left,firstnumber=1,stepnum...

Your command was ignored.
Type  I <command> <return>  to replace it with another command,
or  <return>  to continue without it.

LaTeX Font Info:    Trying to load font information for OMS+cmr on input line 7
6.
(C:\MikTex\texmfs\install\tex/latex/base\omscmr.fd
File: omscmr.fd 2023/04/13 v2.5m Standard LaTeX font definitions
)
LaTeX Font Info:    Font shape `OMS/cmr/m/n' in size <10> not available
(Font)              Font shape `OMS/cmsy/m/n' tried instead on input line 76.

d:/UNIOVI/latex-compiler/3Carrera/SO/V1/code.tex:77: Undefined control sequence
.
\PY@tc #1->\textcolor 
                      [rgb]{0.00,0.50,0.00}{#1}
l.77 \PY{c+c1}{// Programa de ejemplo en C}
                                           
The control sequence at the end of the top line
of your error message was never \def'ed. If you have
misspelled it (e.g., `\hobx'), type `I' and the correct
spelling (e.g., `I\hbox'). Otherwise just continue,
and I'll forget about whatever was undefined.

d:/UNIOVI/latex-compiler/3Carrera/SO/V1/code.tex:78: Undefined control sequence
.
\PY@tc #1->\textcolor 
                      [rgb]{0.00,0.00,1.00}{#1}
l.78 \PY{c+cp}{\PYZsh{}}
                        \PY{c+cp}{include}\PY{+w}{ }\PY{c+cpf}{\PYZlt{}stdio...
The control sequence at the end of the top line
of your error message was never \def'ed. If you have
misspelled it (e.g., `\hobx'), type `I' and the correct
spelling (e.g., `I\hbox'). Otherwise just continue,
and I'll forget about whatever was undefined.

d:/UNIOVI/latex-compiler/3Carrera/SO/V1/code.tex:78: Undefined control sequence
.
\PY@tc #1->\textcolor 
                      [rgb]{0.00,0.00,1.00}{#1}
l.78 \PY{c+cp}{\PYZsh{}}\PY{c+cp}{include}
                                          \PY{+w}{ }\PY{c+cpf}{\PYZlt{}stdio...
The control sequence at the end of the top line
of your error message was never \def'ed. If you have
misspelled it (e.g., `\hobx'), type `I' and the correct
spelling (e.g., `I\hbox'). Otherwise just continue,
and I'll forget about whatever was undefined.

d:/UNIOVI/latex-compiler/3Carrera/SO/V1/code.tex:78: Undefined control sequence
.
\PY@tc #1->\textcolor 
                      [rgb]{0.00,0.50,0.00}{#1}
l.78 ...{+w}{ }\PY{c+cpf}{\PYZlt{}stdio.h\PYZgt{}}
                                                  
The control sequence at the end of the top line
of your error message was never \def'ed. If you have
misspelled it (e.g., `\hobx'), type `I' and the correct
spelling (e.g., `I\hbox'). Otherwise just continue,
and I'll forget about whatever was undefined.

d:/UNIOVI/latex-compiler/3Carrera/SO/V1/code.tex:80: Undefined control sequence
.
\PY@tc #1->\textcolor 
                      [rgb]{0.17,0.57,0.69}{#1}
l.80 \PY{k+kt}{int}
                   \PY{+w}{ }\PY{n+nf}{main}\PY{p}{(}\PY{p}{)}\PY{+w}{ }\PY{...
The control sequence at the end of the top line
of your error message was never \def'ed. If you have
misspelled it (e.g., `\hobx'), type `I' and the correct
spelling (e.g., `I\hbox'). Otherwise just continue,
and I'll forget about whatever was undefined.

d:/UNIOVI/latex-compiler/3Carrera/SO/V1/code.tex:81: Undefined control sequence
.
\PY@tc #1->\textcolor 
                      [rgb]{0.00,0.50,0.00}{#1}
l.81 \PY{+w}{    }\PY{c+c1}{// Imprimir mensaje}
                                                
The control sequence at the end of the top line
of your error message was never \def'ed. If you have
misspelled it (e.g., `\hobx'), type `I' and the correct
spelling (e.g., `I\hbox'). Otherwise just continue,
and I'll forget about whatever was undefined.

d:/UNIOVI/latex-compiler/3Carrera/SO/V1/code.tex:82: Undefined control sequence
.
\PY@tc #1->\textcolor 
                      [rgb]{0.64,0.08,0.08}{#1}
l.82 ...}\PY{n}{printf}\PY{p}{(}\PY{l+s}{\PYZdq{}}
                                                  \PY{l+s}{Hola, mundo!}\PY{...
The control sequence at the end of the top line
of your error message was never \def'ed. If you have
misspelled it (e.g., `\hobx'), type `I' and the correct
spelling (e.g., `I\hbox'). Otherwise just continue,
and I'll forget about whatever was undefined.

d:/UNIOVI/latex-compiler/3Carrera/SO/V1/code.tex:82: Undefined control sequence
.
\PY@tc #1->\textcolor 
                      [rgb]{0.64,0.08,0.08}{#1}
l.82 ...(}\PY{l+s}{\PYZdq{}}\PY{l+s}{Hola, mundo!}
                                                  \PY{l+s+se}{\PYZbs{}n}\PY{...
The control sequence at the end of the top line
of your error message was never \def'ed. If you have
misspelled it (e.g., `\hobx'), type `I' and the correct
spelling (e.g., `I\hbox'). Otherwise just continue,
and I'll forget about whatever was undefined.

d:/UNIOVI/latex-compiler/3Carrera/SO/V1/code.tex:82: Undefined control sequence
.
\PY@tc #1->\textcolor 
                      [rgb]{0.64,0.08,0.08}{#1}
l.82 ...Y{l+s}{Hola, mundo!}\PY{l+s+se}{\PYZbs{}n}
                                                  \PY{l+s}{\PYZdq{}}\PY{p}{)...
The control sequence at the end of the top line
of your error message was never \def'ed. If you have
misspelled it (e.g., `\hobx'), type `I' and the correct
spelling (e.g., `I\hbox'). Otherwise just continue,
and I'll forget about whatever was undefined.

d:/UNIOVI/latex-compiler/3Carrera/SO/V1/code.tex:82: Undefined control sequence
.
\PY@tc #1->\textcolor 
                      [rgb]{0.64,0.08,0.08}{#1}
l.82 ...!}\PY{l+s+se}{\PYZbs{}n}\PY{l+s}{\PYZdq{}}
                                                  \PY{p}{)}\PY{p}{;}
The control sequence at the end of the top line
of your error message was never \def'ed. If you have
misspelled it (e.g., `\hobx'), type `I' and the correct
spelling (e.g., `I\hbox'). Otherwise just continue,
and I'll forget about whatever was undefined.

d:/UNIOVI/latex-compiler/3Carrera/SO/V1/code.tex:83: Undefined control sequence
.
\PY@tc #1->\textcolor 
                      [rgb]{0.00,0.00,1.00}{#1}
l.83 \PY{+w}{    }\PY{k}{return}
                                \PY{+w}{ }\PY{l+m+mi}{0}\PY{p}{;}
The control sequence at the end of the top line
of your error message was never \def'ed. If you have
misspelled it (e.g., `\hobx'), type `I' and the correct
spelling (e.g., `I\hbox'). Otherwise just continue,
and I'll forget about whatever was undefined.


d:/UNIOVI/latex-compiler/3Carrera/SO/V1/code.tex:85: LaTeX Error: \begin{docume
nt} ended by \end{Verbatim}.

See the LaTeX manual or LaTeX Companion for explanation.
Type  H <return>  for immediate help.
 ...                                              
                                                  
l.85 \end{Verbatim}
                   
Your command was ignored.
Type  I <command> <return>  to replace it with another command,
or  <return>  to continue without it.

)
! Emergency stop.
<*> ...IOVI/latex-compiler/3Carrera/SO/V1/code.tex
                                                  
*** (job aborted, no legal \end found)

 
Here is how much of TeX's memory you used:
 317 strings out of 474486
 6868 string characters out of 5753177
 1924542 words of memory out of 5000000
 22692 multiletter control sequences out of 15000+600000
 558069 words of font info for 36 fonts, out of 8000000 for 9000
 1141 hyphenation exceptions out of 8191
 35i,0n,50p,202b,112s stack positions out of 10000i,1000n,20000p,200000b,200000s
!  ==> Fatal error occurred, no output PDF file produced!
