\BOOKMARK [1][-]{unit.0.4}{\376\377\000I\000V\000\040\000S\000e\000r\000i\000e\000s\000\040\000d\000e\000\040\000F\000o\000u\000r\000i\000e\000r}{}% 1
\BOOKMARK [2][-]{chapter.0.4.1}{\376\377\0001\000.\000\040\000P\000r\000i\000m\000e\000r\000o\000s\000\040\000c\000o\000n\000c\000e\000p\000t\000o\000s}{unit.0.4}% 2
\BOOKMARK [3][-]{subsubsection.0.4.1.1}{\376\377\000D\000e\000f\000i\000n\000i\000c\000i\000\363\000n\000\040\000d\000e\000\040\000s\000i\000s\000t\000e\000m\000a\000\040\000o\000r\000t\000o\000n\000o\000r\000m\000a\000l}{chapter.0.4.1}% 3
\BOOKMARK [3][-]{subsubsection.0.4.1.2}{\376\377\000E\000j\000e\000m\000p\000l\000o\000s\000\040\000d\000e\000\040\000s\000i\000s\000t\000e\000m\000a\000s\000\040\000o\000r\000t\000o\000n\000o\000r\000m\000a\000l\000e\000s}{chapter.0.4.1}% 4
\BOOKMARK [3][-]{subsubsection.0.4.1.3}{\376\377\000T\000e\000o\000r\000e\000m\000a\000\040\000d\000e\000\040\000\363\000p\000t\000i\000m\000a\000\040\000a\000p\000r\000o\000x\000i\000m\000a\000c\000i\000\363\000n}{chapter.0.4.1}% 5
\BOOKMARK [3][-]{subsubsection.0.4.1.4}{\376\377\000D\000e\000f\000i\000n\000i\000c\000i\000\363\000n\000\040\000d\000e\000\040\000c\000o\000e\000f\000i\000c\000i\000e\000n\000t\000e\000s\000\040\000d\000e\000\040\000F\000o\000u\000r\000i\000e\000r}{chapter.0.4.1}% 6
\BOOKMARK [3][-]{subsubsection.0.4.1.5}{\376\377\000U\000n\000i\000c\000i\000d\000a\000d\000\040\000d\000e\000\040\000l\000a\000s\000\040\000S\000e\000r\000i\000e\000s\000\040\000d\000e\000\040\000F\000o\000u\000r\000i\000e\000r}{chapter.0.4.1}% 7
\BOOKMARK [3][-]{subsubsection.0.4.1.6}{\376\377\000I\000d\000e\000n\000t\000i\000d\000a\000d\000\040\000d\000e\000\040\000P\000a\000r\000s\000e\000v\000a\000l}{chapter.0.4.1}% 8
\BOOKMARK [3][-]{subsubsection.0.4.1.7}{\376\377\000D\000e\000f\000i\000n\000i\000c\000i\000\363\000n\000\040\000d\000e\000\040\000s\000i\000s\000t\000e\000m\000a\000\040\000o\000r\000t\000o\000n\000o\000r\000m\000a\000l\000\040\000c\000o\000m\000p\000l\000e\000t\000o}{chapter.0.4.1}% 9
\BOOKMARK [3][-]{subsubsection.0.4.1.8}{\376\377\000E\000j\000e\000m\000p\000l\000o\000\040\000d\000e\000\040\000s\000i\000s\000t\000e\000m\000a\000\040\000o\000r\000t\000o\000n\000o\000r\000m\000a\000l\000\040\000c\000o\000m\000p\000l\000e\000t\000o}{chapter.0.4.1}% 10
\BOOKMARK [3][-]{subsubsection.0.4.1.9}{\376\377\000E\000j\000e\000m\000p\000l\000o\000\040\000d\000e\000\040\000c\000\341\000l\000c\000u\000l\000o\000\040\000d\000e\000\040\000s\000e\000r\000i\000e\000\040\000d\000e\000\040\000F\000o\000u\000r\000i\000e\000r}{chapter.0.4.1}% 11
\BOOKMARK [2][-]{chapter.0.4.2}{\376\377\0002\000.\000\040\000E\000s\000t\000u\000d\000i\000o\000\040\000d\000e\000\040\000l\000a\000\040\000c\000o\000n\000v\000e\000r\000g\000e\000n\000c\000i\000a\000\040\000p\000u\000n\000t\000u\000a\000l}{unit.0.4}% 12
\BOOKMARK [3][-]{subsubsection.0.4.2.1}{\376\377\000T\000e\000o\000r\000e\000m\000a\000\040\000d\000e\000\040\000R\000i\000e\000s\000z\000-\000F\000i\000s\000h\000e\000r}{chapter.0.4.2}% 13
\BOOKMARK [3][-]{subsubsection.0.4.2.2}{\376\377\000S\000u\000m\000a\000\040\000p\000a\000r\000c\000i\000a\000l\000\040\000c\000o\000m\000o\000\040\000i\000n\000t\000e\000g\000r\000a\000l\000\040\000d\000e\000\040\000s\000e\000m\000i\000s\000u\000m\000a\000s}{chapter.0.4.2}% 14
\BOOKMARK [3][-]{subsubsection.0.4.2.3}{\376\377\000L\000e\000m\000a\000\040\000d\000e\000\040\000R\000i\000e\000m\000a\000n\000n\000-\000L\000e\000b\000e\000s\000g\000u\000e}{chapter.0.4.2}% 15
\BOOKMARK [3][-]{subsubsection.0.4.2.4}{\376\377\000F\000u\000n\000c\000i\000o\000n\000e\000s\000\040\000d\000e\000\040\000v\000a\000r\000i\000a\000c\000i\000\363\000n\000\040\000a\000c\000o\000t\000a\000d\000a}{chapter.0.4.2}% 16
\BOOKMARK [3][-]{subsubsection.0.4.2.5}{\376\377\000T\000e\000o\000r\000e\000m\000a\000\040\000d\000e\000\040\000L\000o\000c\000a\000l\000i\000z\000a\000c\000i\000\363\000n\000\040\000d\000e\000\040\000R\000i\000e\000m\000a\000n\000n}{chapter.0.4.2}% 17
\BOOKMARK [3][-]{subsubsection.0.4.2.6}{\376\377\000T\000e\000o\000r\000e\000m\000a\000\040\000d\000e\000\040\000J\000o\000r\000d\000a\000n}{chapter.0.4.2}% 18
\BOOKMARK [3][-]{subsubsection.0.4.2.7}{\376\377\000C\000o\000n\000d\000i\000c\000i\000\363\000n\000\040\000d\000e\000\040\000J\000o\000r\000d\000a\000n}{chapter.0.4.2}% 19
\BOOKMARK [3][-]{subsubsection.0.4.2.8}{\376\377\000T\000e\000o\000r\000e\000m\000a\000\040\000d\000e\000\040\000D\000i\000n\000i}{chapter.0.4.2}% 20
\BOOKMARK [3][-]{subsubsection.0.4.2.9}{\376\377\000C\000o\000n\000d\000i\000c\000i\000\363\000n\000\040\000d\000e\000\040\000D\000i\000n\000i}{chapter.0.4.2}% 21
