\BOOKMARK [2][-]{chapter.0.0.1}{\376\377\0001\000.\000\040\000P\000r\000i\000m\000e\000r\000o\000s\000\040\000p\000a\000s\000o\000s\000\040\000e\000n\000\040\000u\000n\000i\000x}{}% 1
\BOOKMARK [3][-]{subsubsection.0.0.1.4}{\376\377\000F\000i\000c\000h\000e\000r\000o\000\040\000d\000e\000\040\000m\000a\000n}{chapter.0.0.1}% 2
\BOOKMARK [3][-]{subsubsection.0.0.1.10}{\376\377\000\332\000l\000t\000i\000m\000a\000\040\000o\000r\000d\000e\000n\000\040\000d\000e\000l\000\040\000h\000i\000s\000t\000o\000r\000i\000a\000l}{chapter.0.0.1}% 3
\BOOKMARK [3][-]{subsubsection.0.0.1.11}{\376\377\000\323\000r\000d\000e\000n\000e\000s\000\040\000c\000o\000n\000\040\000`\000`\000p\000'\000'}{chapter.0.0.1}% 4
\BOOKMARK [3][-]{subsubsection.0.0.1.12}{\376\377\000\332\000l\000t\000i\000m\000a\000\040\000o\000r\000d\000e\000n\000\040\000e\000n\000\040\000b\000a\000s\000h\000\040\000c\000o\000m\000o\000\040\000s\000h\000e\000l\000l}{chapter.0.0.1}% 5
\BOOKMARK [3][-]{subsubsection.0.0.1.13}{\376\377\000\323\000r\000d\000e\000n\000e\000s\000\040\000i\000n\000t\000e\000r\000n\000a\000s\000\040\000y\000\040\000e\000x\000t\000e\000r\000n\000a\000s}{chapter.0.0.1}% 6
\BOOKMARK [3][-]{subsubsection.0.0.1.14}{\376\377\000O\000r\000d\000e\000n\000\040\000w\000h\000a\000t\000i\000s}{chapter.0.0.1}% 7
\BOOKMARK [3][-]{subsubsection.0.0.1.15}{\376\377\000m\000a\000n\000\040\000c\000o\000m\000o\000\040\000a\000p\000r\000o\000p\000o\000s}{chapter.0.0.1}% 8
\BOOKMARK [3][-]{subsubsection.0.0.1.16}{\376\377\000M\000\341\000s\000\040\000p\000a\000r\000t\000i\000d\000o\000\040\000a\000\040\000h\000i\000s\000t\000o\000r\000y}{chapter.0.0.1}% 9
\BOOKMARK [2][-]{chapter.0.0.2}{\376\377\0002\000.\000\040\000E\000l\000\040\000s\000i\000s\000t\000e\000m\000a\000\040\000d\000e\000\040\000f\000i\000c\000h\000e\000r\000o\000s}{}% 10
\BOOKMARK [3][-]{subsubsection.0.0.2.1}{\376\377\000V\000o\000l\000v\000e\000r\000\040\000a\000l\000\040\000d\000i\000r\000e\000c\000t\000o\000r\000i\000o\000\040\000d\000e\000\040\000t\000r\000a\000b\000a\000j\000o}{chapter.0.0.2}% 11
\BOOKMARK [3][-]{subsubsection.0.0.2.2}{\376\377\000R\000u\000t\000a\000s\000\040\000r\000e\000l\000a\000t\000i\000v\000a\000s\000\040\000y\000\040\000a\000b\000s\000o\000l\000u\000t\000a\000s}{chapter.0.0.2}% 12
\BOOKMARK [3][-]{subsubsection.0.0.2.3}{\376\377\000C\000o\000n\000t\000e\000n\000i\000d\000o\000\040\000d\000e\000l\000\040\000d\000i\000r\000e\000c\000t\000o\000r\000i\000o\000\040\000r\000a\000\355\000z}{chapter.0.0.2}% 13
\BOOKMARK [3][-]{subsubsection.0.0.2.4}{\376\377\000E\000n\000l\000a\000c\000e\000\040\000a\000\040\000u\000n\000\040\000a\000r\000c\000h\000i\000v\000o}{chapter.0.0.2}% 14
\BOOKMARK [3][-]{subsubsection.0.0.2.7}{\376\377\000P\000e\000r\000m\000i\000s\000o\000s\000\040\000e\000n\000\040\000d\000i\000r\000e\000c\000t\000o\000r\000i\000o}{chapter.0.0.2}% 15
\BOOKMARK [3][-]{subsubsection.0.0.2.8}{\376\377\000D\000i\000r\000e\000c\000t\000o\000r\000i\000o\000\040\000d\000e\000\040\000s\000o\000l\000o\000\040\000a\000c\000c\000e\000s\000o}{chapter.0.0.2}% 16
\BOOKMARK [3][-]{subsubsection.0.0.2.9}{\376\377\000E\000x\000p\000r\000e\000s\000i\000\363\000n\000\040\000r\000e\000g\000u\000l\000a\000r\000\040\000c\000o\000n\000\040\000`\000`\000.\000'\000'}{chapter.0.0.2}% 17
\BOOKMARK [3][-]{subsubsection.0.0.2.10}{\376\377\000I\000n\000s\000p\000e\000c\000c\000i\000\363\000n\000\040\000d\000e\000\040\000c\000i\000e\000r\000t\000o\000s\000\040\000f\000i\000c\000h\000e\000r\000o\000s}{chapter.0.0.2}% 18
\BOOKMARK [3][-]{subsubsection.0.0.2.11}{\376\377\000E\000n\000l\000a\000c\000e\000s\000\040\000e\000n\000\040\000H\000O\000M\000E}{chapter.0.0.2}% 19
\BOOKMARK [3][-]{subsubsection.0.0.2.14}{\376\377\000A\000r\000c\000h\000i\000v\000o\000s\000\040\000c\000u\000y\000o\000\040\000n\000o\000m\000b\000r\000e\000\040\000t\000e\000r\000m\000i\000n\000a\000\040\000c\000o\000n\000\040\000d\000\355\000g\000i\000t\000o}{chapter.0.0.2}% 20
\BOOKMARK [3][-]{subsubsection.0.0.2.15}{\376\377\000A\000r\000c\000h\000i\000v\000o\000s\000\040\000q\000u\000e\000\040\000n\000o\000\040\000a\000c\000a\000b\000e\000n\000\040\000e\000n\000\040\000`\000`\000.\000c\000'\000'}{chapter.0.0.2}% 21
\BOOKMARK [3][-]{subsubsection.0.0.2.16}{\376\377\000F\000i\000c\000h\000e\000r\000o\000s\000\040\000d\000e\000\040\0002\000\040\000o\000\040\000m\000\341\000s\000\040\000c\000a\000r\000a\000c\000t\000e\000r\000e\000s\000\040\000d\000e\000\040\000n\000o\000m\000b\000r\000e}{chapter.0.0.2}% 22
\BOOKMARK [3][-]{subsubsection.0.0.2.17}{\376\377\000F\000i\000c\000h\000e\000r\000o\000s\000\040\000.\000\040\000y\000\040\000.\000.}{chapter.0.0.2}% 23
\BOOKMARK [3][-]{subsubsection.0.0.2.18}{\376\377\000D\000i\000r\000e\000c\000t\000o\000r\000i\000o\000\040\000/\000d\000e\000v}{chapter.0.0.2}% 24
\BOOKMARK [3][-]{subsubsection.0.0.2.19}{\376\377\000O\000r\000d\000e\000n\000\040\000d\000f}{chapter.0.0.2}% 25
\BOOKMARK [3][-]{subsubsection.0.0.2.20}{\376\377\000O\000r\000d\000e\000n\000\040\000m\000o\000u\000n\000t}{chapter.0.0.2}% 26
\BOOKMARK [3][-]{subsubsection.0.0.2.21}{\376\377\000P\000e\000r\000m\000i\000s\000o\000s\000\040\000m\000\355\000n\000i\000m\000o\000s\000\040\000p\000a\000r\000a\000\040\000c\000r\000e\000a\000r\000\040\000u\000n\000\040\000a\000r\000c\000h\000i\000v\000o\000\040\000e\000n\000\040\000u\000n\000\040\000d\000i\000r\000e\000c\000t\000o\000r\000i\000o}{chapter.0.0.2}% 27
\BOOKMARK [3][-]{subsubsection.0.0.2.22}{\376\377\000P\000e\000r\000m\000i\000s\000o\000s\000\040\000m\000\355\000n\000i\000m\000o\000s\000\040\000d\000e\000\040\000e\000j\000e\000c\000u\000c\000i\000\363\000n}{chapter.0.0.2}% 28
\BOOKMARK [3][-]{subsubsection.0.0.2.23}{}{chapter.0.0.2}% 29
