\BOOKMARK [1][-]{unit.0.1}{I Espacios vectoriales}{}% 1
\BOOKMARK [2][-]{chapter.0.0.1}{1. Cuerpos}{unit.0.1}% 2
\BOOKMARK [3][-]{subsubsection.0.0.1}{Definici\363n de operaci\363n binaria interna}{chapter.0.0.1}% 3
\BOOKMARK [3][-]{subsubsection.0.0.2}{Definici\363n de cuerpo}{chapter.0.0.1}% 4
\BOOKMARK [3][-]{subsubsection.0.0.3}{N\372meros racionales}{chapter.0.0.1}% 5
\BOOKMARK [3][-]{subsubsection.0.0.4}{N\372meros naturales y enteros}{chapter.0.0.1}% 6
\BOOKMARK [3][-]{subsubsection.0.0.5}{Conjuntos de matrices}{chapter.0.0.1}% 7
\BOOKMARK [3][-]{subsubsection.0.0.6}{Proposici\363n: Unicidad del elemento neutro}{chapter.0.0.1}% 8
\BOOKMARK [2][-]{chapter.0.0.2}{2. Introducci\363n a los espacios vectoriales}{unit.0.1}% 9
\BOOKMARK [3][-]{subsubsection.0.0.7}{Definici\363n de espacio vectorial}{chapter.0.0.2}% 10
\BOOKMARK [3][-]{subsubsection.0.0.8}{Subespacios vectoriales}{chapter.0.0.2}% 11
\BOOKMARK [3][-]{subsubsection.0.0.9}{Matrices como espacio vectorial}{chapter.0.0.2}% 12
\BOOKMARK [3][-]{subsubsection.0.0.10}{Polinomios como espacio vectorial}{chapter.0.0.2}% 13
\BOOKMARK [3][-]{subsubsection.0.0.11}{Funciones como espacio vectorial}{chapter.0.0.2}% 14
\BOOKMARK [3][-]{subsubsection.0.0.12}{Subespacio intersecci\363n}{chapter.0.0.2}% 15
\BOOKMARK [3][-]{subsubsection.0.0.13}{Subespacio suma}{chapter.0.0.2}% 16
\BOOKMARK [3][-]{subsubsection.0.0.14}{Ejemplo de suma e intersecci\363n de polinomios}{chapter.0.0.2}% 17
\BOOKMARK [2][-]{chapter.0.0.3}{3. Sistemas de vectores}{unit.0.1}% 18
\BOOKMARK [3][-]{subsubsection.0.0.15}{Definici\363n de sistema}{chapter.0.0.3}% 19
\BOOKMARK [3][-]{subsubsection.0.0.16}{Sistemas libres y ligados}{chapter.0.0.3}% 20
\BOOKMARK [3][-]{subsubsection.0.0.17}{Clausura de una familia, sistema generador}{chapter.0.0.3}% 21
\BOOKMARK [2][-]{chapter.0.0.4}{4. Bases y dimensiones}{unit.0.1}% 22
\BOOKMARK [3][-]{subsubsection.0.0.18}{Definici\363n de base}{chapter.0.0.4}% 23
\BOOKMARK [3][-]{subsubsection.0.0.19}{Tama\361o de las bases}{chapter.0.0.4}% 24
\BOOKMARK [3][-]{subsubsection.0.0.20}{Concepto de dimensi\363n}{chapter.0.0.4}% 25
\BOOKMARK [3][-]{subsubsection.0.0.21}{Base del espacio de polinomios}{chapter.0.0.4}% 26
\BOOKMARK [3][-]{subsubsection.0.0.22}{Dimensi\363n seg\372n cuerpo}{chapter.0.0.4}% 27
\BOOKMARK [3][-]{subsubsection.0.0.23}{Dimensi\363n m\341xima de un subespacio}{chapter.0.0.4}% 28
