\BOOKMARK [1][-]{unit.0.2}{\376\377\000I\000I\000\040\000I\000n\000t\000e\000g\000r\000a\000l\000\040\000d\000e\000\040\000L\000e\000b\000e\000s\000g\000u\000e}{}% 1
\BOOKMARK [2][-]{chapter.0.2.1}{\376\377\0001\000.\000\040\000I\000n\000t\000e\000g\000r\000a\000l\000\040\000d\000e\000\040\000L\000e\000b\000e\000s\000g\000u\000e\000\040\000p\000a\000r\000a\000\040\000f\000u\000n\000c\000i\000o\000n\000e\000s\000\040\000n\000o\000\040\000n\000e\000g\000a\000t\000i\000v\000a\000s}{unit.0.2}% 2
\BOOKMARK [3][-]{subsubsection.0.2.1.1}{\376\377\000C\000o\000n\000v\000e\000n\000i\000o\000\040\0000\000\040\000\267\000\040\000i\000n\000f\000t\000y}{chapter.0.2.1}% 3
\BOOKMARK [3][-]{subsubsection.0.2.1.2}{\376\377\000D\000e\000f\000i\000n\000i\000c\000i\000\363\000n\000\040\000d\000e\000\040\000i\000n\000t\000e\000g\000r\000a\000l\000\040\000d\000e\000\040\000f\000u\000n\000c\000i\000o\000n\000e\000s\000\040\000s\000i\000m\000p\000l\000e\000s}{chapter.0.2.1}% 4
\BOOKMARK [3][-]{subsubsection.0.2.1.3}{\376\377\000L\000i\000n\000e\000a\000l\000i\000d\000a\000d\000\040\000d\000e\000l\000\040\000i\000n\000t\000e\000g\000r\000a\000n\000d\000o}{chapter.0.2.1}% 5
\BOOKMARK [3][-]{subsubsection.0.2.1.4}{\376\377\000L\000i\000n\000e\000a\000l\000i\000d\000a\000d\000\040\000p\000a\000r\000c\000i\000a\000l}{chapter.0.2.1}% 6
\BOOKMARK [3][-]{subsubsection.0.2.1.5}{\376\377\000M\000o\000n\000o\000t\000o\000n\000\355\000a\000\040\000d\000e\000\040\000l\000a\000\040\000i\000n\000t\000e\000g\000r\000a\000l\000\040\000s\000i\000m\000p\000l\000e}{chapter.0.2.1}% 7
\BOOKMARK [3][-]{subsubsection.0.2.1.6}{\376\377\000L\000i\000n\000e\000a\000l\000i\000d\000a\000d\000\040\000d\000e\000\040\000l\000a\000\040\000i\000n\000t\000e\000g\000r\000a\000l\000\040\000s\000i\000m\000p\000l\000e\000\040\000p\000o\000r\000\040\000c\000o\000n\000s\000t\000a\000n\000t\000e\000s}{chapter.0.2.1}% 8
\BOOKMARK [3][-]{subsubsection.0.2.1.7}{\376\377\000I\000n\000t\000e\000g\000r\000a\000l\000\040\000d\000e\000\040\000f\000u\000n\000c\000i\000o\000n\000e\000s\000\040\000m\000e\000d\000i\000b\000l\000e\000s\000\040\000n\000o\000\040\000n\000e\000g\000a\000t\000i\000v\000a\000s}{chapter.0.2.1}% 9
\BOOKMARK [3][-]{subsubsection.0.2.1.8}{\376\377\000E\000j\000e\000m\000p\000l\000o\000s\000\040\000d\000e\000\040\000i\000n\000t\000e\000g\000r\000a\000l\000e\000s}{chapter.0.2.1}% 10
\BOOKMARK [3][-]{subsubsection.0.2.1.9}{\376\377\000P\000r\000o\000p\000i\000e\000d\000a\000d\000e\000s\000\040\000b\000\341\000s\000i\000c\000a\000s}{chapter.0.2.1}% 11
\BOOKMARK [3][-]{subsubsection.0.2.1.10}{\376\377\000T\000e\000o\000r\000e\000m\000a\000\040\000d\000e\000\040\000l\000a\000\040\000c\000o\000n\000v\000e\000r\000g\000e\000n\000c\000i\000a\000\040\000m\000o\000n\000\363\000t\000o\000n\000a}{chapter.0.2.1}% 12
\BOOKMARK [3][-]{subsubsection.0.2.1.11}{\376\377\000I\000n\000t\000e\000g\000r\000a\000l\000\040\000d\000e\000\040\000l\000a\000\040\000s\000u\000m\000a}{chapter.0.2.1}% 13
\BOOKMARK [3][-]{subsubsection.0.2.1.12}{\376\377\000I\000n\000t\000e\000g\000r\000a\000l\000e\000s\000\040\000e\000n\000\040\000c\000o\000n\000j\000u\000n\000t\000o\000s\000\040\000d\000i\000s\000j\000u\000n\000t\000o\000s}{chapter.0.2.1}% 14
\BOOKMARK [3][-]{subsubsection.0.2.1.13}{\376\377\000L\000e\000m\000a\000\040\000d\000e\000\040\000F\000a\000t\000o\000u}{chapter.0.2.1}% 15
\BOOKMARK [3][-]{subsubsection.0.2.1.14}{\376\377\000D\000e\000f\000i\000n\000i\000c\000i\000\363\000n\000\040\000d\000e\000\040\000i\000g\000u\000a\000l\000d\000a\000d\000\040\000e\000n\000\040\000c\000a\000s\000i\000\040\000t\000o\000d\000o\000\040\000p\000u\000n\000t\000o}{chapter.0.2.1}% 16
\BOOKMARK [3][-]{subsubsection.0.2.1.15}{\376\377\000M\000e\000d\000i\000b\000i\000l\000i\000d\000a\000d\000\040\000d\000e\000\040\000f\000u\000n\000c\000i\000o\000n\000e\000s\000\040\000i\000g\000u\000a\000l\000e\000s\000\040\000e\000n\000\040\000c\000a\000s\000i\000\040\000t\000o\000d\000o\000\040\000p\000u\000n\000t\000o}{chapter.0.2.1}% 17
\BOOKMARK [3][-]{subsubsection.0.2.1.16}{\376\377\000I\000n\000t\000e\000g\000r\000a\000l\000\040\000d\000e\000\040\000f\000u\000n\000c\000i\000o\000n\000e\000s\000\040\000i\000g\000u\000a\000l\000e\000s\000\040\000e\000n\000\040\000c\000a\000s\000i\000\040\000t\000o\000d\000o\000\040\000p\000u\000n\000t\000o}{chapter.0.2.1}% 18
\BOOKMARK [3][-]{subsubsection.0.2.1.17}{\376\377\000I\000n\000t\000e\000g\000r\000a\000l\000\040\000d\000e\000\040\000f\000u\000n\000c\000i\000o\000n\000e\000s\000\040\000n\000u\000l\000a\000s\000\040\000e\000n\000\040\000c\000a\000s\000i\000\040\000t\000o\000d\000o\000\040\000p\000u\000n\000t\000o}{chapter.0.2.1}% 19
\BOOKMARK [2][-]{chapter.0.2.2}{\376\377\0002\000.\000\040\000I\000n\000t\000e\000g\000r\000a\000l\000\040\000d\000e\000\040\000L\000e\000b\000e\000s\000g\000u\000e\000\040\000p\000a\000r\000a\000\040\000f\000u\000n\000c\000i\000o\000n\000e\000s\000\040\000f\000\040\000:\000\040\000X\000\040\000-\000>\000\040\000R}{unit.0.2}% 20
\BOOKMARK [3][-]{subsubsection.0.2.2.1}{\376\377\000F\000u\000n\000c\000i\000o\000n\000e\000s\000\040\000i\000n\000t\000e\000g\000r\000a\000b\000l\000e\000s\000\040\000y\000\040\000s\000u\000m\000a\000b\000l\000e\000s}{chapter.0.2.2}% 21
\BOOKMARK [3][-]{subsubsection.0.2.2.2}{\376\377\000D\000e\000s\000i\000g\000u\000a\000l\000d\000a\000d\000\040\000t\000r\000i\000a\000n\000g\000u\000l\000a\000r}{chapter.0.2.2}% 22
\BOOKMARK [3][-]{subsubsection.0.2.2.3}{\376\377\000D\000e\000f\000i\000n\000i\000c\000i\000\363\000n\000\040\000d\000e\000\040\000c\000o\000n\000j\000u\000n\000t\000o\000\040\000d\000e\000\040\000f\000u\000n\000c\000i\000o\000n\000e\000s\000\040\000s\000u\000m\000a\000b\000l\000e\000s}{chapter.0.2.2}% 23
\BOOKMARK [3][-]{subsubsection.0.2.2.4}{\376\377\000T\000e\000o\000r\000e\000m\000a\000\040\000d\000e\000\040\000e\000s\000t\000r\000u\000c\000t\000u\000r\000a\000\040\000d\000e\000\040\000L\000\137\0001}{chapter.0.2.2}% 24
\BOOKMARK [3][-]{subsubsection.0.2.2.5}{\376\377\000I\000n\000t\000e\000g\000r\000a\000l\000\040\000d\000e\000\040\000f\000u\000n\000c\000i\000o\000n\000e\000s\000\040\000s\000u\000m\000a\000b\000l\000e\000s\000\040\000e\000n\000\040\000c\000o\000n\000j\000u\000n\000t\000o\000s\000\040\000d\000i\000s\000j\000u\000n\000t\000o\000s}{chapter.0.2.2}% 25
\BOOKMARK [3][-]{subsubsection.0.2.2.6}{\376\377\000F\000u\000n\000c\000i\000o\000n\000e\000s\000\040\000m\000u\000-\000a\000.\000e\000.\000\040\000a\000\040\000s\000u\000m\000a\000b\000l\000e\000s\000\040\000e\000n\000\040\000L\000\137\0001}{chapter.0.2.2}% 26
\BOOKMARK [3][-]{subsubsection.0.2.2.7}{\376\377\000T\000e\000o\000r\000e\000m\000a\000\040\000d\000e\000\040\000C\000o\000n\000v\000e\000r\000g\000e\000n\000c\000i\000a\000\040\000D\000o\000m\000i\000n\000a\000d\000a}{chapter.0.2.2}% 27
\BOOKMARK [2][-]{chapter.0.2.3}{\376\377\0003\000.\000\040\000C\000\341\000l\000c\000u\000l\000o\000\040\000d\000e\000\040\000l\000a\000\040\000i\000n\000t\000e\000g\000r\000a\000l\000\040\000d\000e\000\040\000L\000e\000b\000e\000s\000g\000u\000e\000\040\000e\000n\000\040\000R}{unit.0.2}% 28
\BOOKMARK [3][-]{subsubsection.0.2.3.1}{\376\377\000E\000q\000u\000i\000v\000a\000l\000e\000n\000c\000i\000a\000\040\000d\000e\000\040\000l\000a\000s\000\040\000i\000n\000t\000e\000g\000r\000a\000l\000e\000s\000\040\000d\000e\000\040\000R\000i\000e\000m\000a\000n\000n\000\040\000y\000\040\000L\000e\000b\000e\000s\000g\000u\000e}{chapter.0.2.3}% 29
\BOOKMARK [3][-]{subsubsection.0.2.3.2}{\376\377\000D\000e\000f\000i\000n\000i\000c\000i\000\363\000n\000\040\000d\000e\000\040\000f\000u\000n\000c\000i\000\363\000n\000\040\000l\000o\000c\000a\000l\000m\000e\000n\000t\000e\000\040\000i\000n\000t\000e\000g\000r\000a\000b\000l\000e}{chapter.0.2.3}% 30
\BOOKMARK [3][-]{subsubsection.0.2.3.3}{\376\377\000M\000e\000d\000i\000b\000i\000l\000i\000d\000a\000d\000\040\000d\000e\000\040\000f\000u\000n\000c\000i\000o\000n\000e\000s\000\040\000l\000o\000c\000a\000l\000m\000e\000n\000t\000e\000\040\000i\000n\000t\000e\000g\000r\000a\000b\000l\000e\000s}{chapter.0.2.3}% 31
\BOOKMARK [3][-]{subsubsection.0.2.3.4}{\376\377\000I\000n\000t\000e\000g\000r\000a\000l\000\040\000d\000e\000\040\000L\000e\000b\000e\000s\000g\000u\000e\000\040\000e\000\040\000i\000n\000t\000e\000g\000r\000a\000l\000\040\000i\000m\000p\000r\000o\000p\000i\000a\000\040\000d\000e\000\040\000R\000i\000e\000m\000a\000n\000n}{chapter.0.2.3}% 32
\BOOKMARK [3][-]{subsubsection.0.2.3.5}{\376\377\000E\000j\000e\000m\000p\000l\000o\000\040\000d\000e\000\040\000n\000o\000\040\000e\000q\000u\000i\000v\000a\000l\000e\000n\000c\000i\000a}{chapter.0.2.3}% 33
\BOOKMARK [3][-]{subsubsection.0.2.3.6}{\376\377\000D\000e\000f\000i\000n\000i\000c\000i\000\363\000n\000\040\000d\000e\000\040\000i\000n\000t\000e\000g\000r\000a\000l\000\040\000i\000m\000p\000r\000o\000p\000i\000a\000\040\000d\000e\000\040\000L\000e\000b\000e\000s\000g\000u\000e}{chapter.0.2.3}% 34
\BOOKMARK [3][-]{subsubsection.0.2.3.7}{\376\377\000D\000e\000r\000i\000v\000a\000c\000i\000\363\000n\000\040\000b\000a\000j\000o\000\040\000e\000l\000\040\000s\000i\000g\000n\000o\000\040\000i\000n\000t\000e\000g\000r\000a\000l}{chapter.0.2.3}% 35
\BOOKMARK [3][-]{subsubsection.0.2.3.8}{\376\377\000I\000n\000t\000e\000g\000r\000a\000l\000e\000s\000\040\000d\000e\000\040\000f\000u\000n\000c\000i\000o\000n\000e\000s\000\040\000d\000e\000\040\000c\000o\000m\000p\000o\000n\000e\000n\000t\000e\000s\000\040\000e\000n\000\040\000R\0002\003\002}{chapter.0.2.3}% 36
\BOOKMARK [2][-]{chapter.0.2.4}{\376\377\0004\000.\000\040\000C\000\341\000l\000c\000u\000l\000o\000\040\000d\000e\000\040\000l\000a\000\040\000i\000n\000t\000e\000g\000r\000a\000l\000\040\000d\000e\000\040\000L\000e\000b\000e\000s\000g\000u\000e\000\040\000e\000n\000\040\000R\000N\003\002}{unit.0.2}% 37
\BOOKMARK [3][-]{subsubsection.0.2.4.1}{\376\377\000N\000o\000t\000a\000c\000i\000\363\000n\000\040\000y\000\040\000c\000o\000n\000c\000e\000p\000t\000o\000s\000\040\000i\000n\000i\000c\000i\000a\000l\000e\000s}{chapter.0.2.4}% 38
\BOOKMARK [3][-]{subsubsection.0.2.4.2}{\376\377\000P\000r\000o\000p\000i\000e\000d\000a\000d\000e\000s\000\040\000d\000e\000\040\000l\000a\000s\000\040\000s\000e\000c\000c\000i\000o\000n\000e\000s}{chapter.0.2.4}% 39
\BOOKMARK [3][-]{subsubsection.0.2.4.3}{\376\377\000T\000e\000o\000r\000e\000m\000a\000\040\000d\000e\000\040\000a\000n\000o\000m\000a\000l\000\355\000a\000s\000\040\000d\000e\000\040\000c\000o\000n\000j\000u\000n\000t\000o\000s\000\040\000m\000e\000d\000i\000b\000l\000e\000s}{chapter.0.2.4}% 40
\BOOKMARK [3][-]{subsubsection.0.2.4.4}{\376\377\000T\000e\000o\000r\000e\000m\000a\000\040\000d\000e\000\040\000T\000o\000n\000e\000l\000l\000i}{chapter.0.2.4}% 41
