\BOOKMARK [1][-]{unit.0.1}{\376\377\000I\000\040\000T\000e\000o\000r\000\355\000a\000\040\000d\000e\000\040\000l\000a\000\040\000m\000e\000d\000i\000d\000a\000\040\000e\000\040\000I\000n\000t\000e\000g\000r\000a\000l\000\040\000d\000e\000\040\000L\000e\000b\000e\000s\000g\000u\000e}{}% 1
\BOOKMARK [2][-]{chapter.0.1.1}{\376\377\0001\000.\000\040\000M\000e\000d\000i\000d\000a\000\040\000e\000x\000t\000e\000r\000i\000o\000r\000\040\000e\000n\000\040\000R\000N\003\002}{unit.0.1}% 2
\BOOKMARK [3][-]{subsubsection.0.1.1.1}{\376\377\000E\000j\000e\000r\000c\000i\000c\000i\000o\000\040\0005}{chapter.0.1.1}% 3
\BOOKMARK [3][-]{subsubsection.0.1.1.2}{\376\377\000E\000j\000e\000r\000c\000i\000c\000i\000o\000\040\0006}{chapter.0.1.1}% 4
\BOOKMARK [2][-]{chapter.0.1.2}{\376\377\0002\000.\000\040\000C\000o\000n\000j\000u\000n\000t\000o\000s\000\040\000m\000e\000d\000i\000b\000l\000e\000s}{unit.0.1}% 5
\BOOKMARK [3][-]{subsubsection.0.1.2.1}{\376\377\000E\000j\000e\000r\000c\000i\000c\000i\000o\000\040\0002}{chapter.0.1.2}% 6
\BOOKMARK [3][-]{subsubsection.0.1.2.2}{\376\377\000E\000j\000e\000r\000c\000i\000c\000i\000o\000\040\0003}{chapter.0.1.2}% 7
\BOOKMARK [3][-]{subsubsection.0.1.2.3}{\376\377\000E\000j\000e\000r\000c\000i\000c\000i\000o\000\040\0005}{chapter.0.1.2}% 8
\BOOKMARK [2][-]{chapter.0.1.3}{\376\377\0003\000.\000\040\000A\000p\000l\000i\000c\000a\000c\000i\000o\000n\000e\000s\000\040\000d\000e\000l\000\040\000l\000e\000n\000g\000u\000a\000j\000e\000\040\000d\000e\000\040\000l\000a\000\040\000T\000e\000o\000r\000\355\000a\000\040\000d\000e\000\040\000l\000a\000\040\000M\000e\000d\000i\000d\000a}{unit.0.1}% 9
\BOOKMARK [3][-]{subsubsection.0.1.3.1}{\376\377\000E\000j\000e\000r\000c\000i\000c\000i\000o\000\040\0005}{chapter.0.1.3}% 10
\BOOKMARK [2][-]{chapter.0.1.4}{\376\377\0004\000.\000\040\000F\000u\000n\000c\000i\000o\000n\000e\000s\000\040\000m\000e\000d\000i\000b\000l\000e\000s}{unit.0.1}% 11
\BOOKMARK [3][-]{subsubsection.0.1.4.1}{\376\377\000E\000j\000e\000r\000c\000i\000c\000i\000o\000\040\0005}{chapter.0.1.4}% 12
\BOOKMARK [1][-]{unit.0.2}{\376\377\000I\000I\000\040\000S\000e\000r\000i\000e\000s\000\040\000d\000e\000\040\000F\000o\000u\000r\000i\000e\000r}{}% 13
\BOOKMARK [2][-]{chapter.0.2.1}{\376\377\0001\000.\000\040\000S\000i\000s\000t\000e\000m\000a\000s\000\040\000o\000r\000t\000o\000g\000o\000n\000a\000l\000e\000s}{unit.0.2}% 14
\BOOKMARK [3][-]{subsubsection.0.2.1.1}{\376\377\000E\000j\000e\000r\000c\000i\000c\000i\000o\000\040\0001}{chapter.0.2.1}% 15
\BOOKMARK [3][-]{subsubsection.0.2.1.2}{\376\377\000E\000j\000e\000r\000c\000i\000c\000i\000o\000\040\0002}{chapter.0.2.1}% 16
\BOOKMARK [3][-]{subsubsection.0.2.1.3}{\376\377\000E\000j\000e\000r\000c\000i\000c\000i\000o\000\040\0003}{chapter.0.2.1}% 17
\BOOKMARK [3][-]{subsubsection.0.2.1.4}{\376\377\000E\000j\000e\000r\000c\000i\000c\000i\000o\000\040\0004}{chapter.0.2.1}% 18
\BOOKMARK [2][-]{chapter.0.2.2}{\376\377\0002\000.\000\040\000F\000u\000n\000c\000i\000o\000n\000e\000s\000\040\000d\000e\000\040\000v\000a\000r\000i\000a\000c\000i\000\363\000n\000\040\000a\000c\000o\000t\000a\000d\000a}{unit.0.2}% 19
\BOOKMARK [3][-]{subsubsection.0.2.2.1}{\376\377\000E\000j\000e\000r\000c\000i\000c\000i\000o\000\040\0001}{chapter.0.2.2}% 20
\BOOKMARK [3][-]{subsubsection.0.2.2.2}{\376\377\000E\000j\000e\000r\000c\000i\000c\000i\000o\000\040\0002}{chapter.0.2.2}% 21
\BOOKMARK [3][-]{subsubsection.0.2.2.3}{\376\377\000E\000j\000e\000r\000c\000i\000c\000i\000o\000\040\0003}{chapter.0.2.2}% 22
\BOOKMARK [3][-]{subsubsection.0.2.2.4}{\376\377\000E\000j\000e\000r\000c\000i\000c\000i\000o\000\040\0004}{chapter.0.2.2}% 23
\BOOKMARK [2][-]{chapter.0.2.3}{\376\377\0003\000.\000\040\000F\000a\000l\000l\000o\000s\000\040\000e\000n\000\040\000l\000a\000s\000\040\000c\000o\000n\000d\000i\000c\000i\000o\000n\000e\000s\000\040\000d\000e\000\040\000D\000i\000n\000i\000\040\000o\000\040\000d\000e\000\040\000J\000o\000r\000d\000a\000n}{unit.0.2}% 24
\BOOKMARK [3][-]{subsubsection.0.2.3.1}{\376\377\000E\000j\000e\000r\000c\000i\000c\000i\000o\000\040\0001}{chapter.0.2.3}% 25
\BOOKMARK [3][-]{subsubsection.0.2.3.2}{\376\377\000E\000j\000e\000r\000c\000i\000c\000i\000o\000\040\0002}{chapter.0.2.3}% 26
\BOOKMARK [3][-]{subsubsection.0.2.3.3}{\376\377\000E\000j\000e\000r\000c\000i\000c\000i\000o\000\040\0003}{chapter.0.2.3}% 27
