\BOOKMARK [1][-]{section*.1}{\376\377\000P\000r\000e\000l\000i\000m\000i\000n\000a\000r\000e\000s}{}% 1
\BOOKMARK [2][-]{chapter.0.0.1}{\376\377\0001\000.\000\040\000C\000a\000r\000d\000i\000n\000a\000l\000i\000d\000a\000d\000\040\000d\000e\000\040\000c\000o\000n\000j\000u\000n\000t\000o\000s}{section*.1}% 2
\BOOKMARK [3][-]{subsubsection.0.0.1.1}{\376\377\000D\000e\000f\000i\000n\000i\000c\000i\000\363\000n\000\040\000d\000e\000\040\000c\000a\000r\000d\000i\000n\000a\000l\000i\000d\000a\000d\000,\000\040\000t\000i\000p\000o\000s\000\040\000d\000e\000\040\000c\000a\000r\000d\000i\000n\000a\000l\000i\000d\000a\000d}{chapter.0.0.1}% 3
\BOOKMARK [3][-]{subsubsection.0.0.1.2}{\376\377\000E\000j\000e\000m\000p\000l\000o\000s\000\040\000d\000e\000\040\000c\000o\000n\000j\000u\000n\000t\000o\000s\000\040\000n\000u\000m\000e\000r\000a\000b\000l\000e\000s}{chapter.0.0.1}% 4
\BOOKMARK [3][-]{subsubsection.0.0.1.3}{\376\377\000E\000j\000e\000m\000p\000l\000o\000s\000\040\000d\000e\000\040\000c\000o\000n\000j\000u\000n\000t\000o\000s\000\040\000n\000o\000\040\000n\000u\000m\000e\000r\000a\000b\000l\000e\000s}{chapter.0.0.1}% 5
\BOOKMARK [3][-]{subsubsection.0.0.1.4}{\376\377\000P\000r\000o\000c\000e\000s\000o\000s\000\040\000q\000u\000e\000\040\000d\000a\000n\000\040\000l\000u\000g\000a\000r\000\040\000a\000\040\000c\000o\000n\000j\000u\000n\000t\000o\000s\000\040\000n\000u\000m\000e\000r\000a\000b\000l\000e\000s}{chapter.0.0.1}% 6
\BOOKMARK [3][-]{subsubsection.0.0.1.5}{\376\377\000M\000\341\000s\000\040\000p\000r\000o\000c\000e\000s\000o\000s\000\040\000q\000u\000e\000\040\000d\000a\000n\000\040\000l\000u\000g\000a\000r\000\040\000a\000\040\000c\000o\000n\000j\000u\000n\000t\000o\000s\000\040\000n\000u\000m\000e\000r\000a\000b\000l\000e\000s}{chapter.0.0.1}% 7
\BOOKMARK [3][-]{subsubsection.0.0.1.6}{\376\377\000U\000n\000i\000\363\000n\000\040\000n\000u\000m\000e\000r\000a\000b\000l\000e\000\040\000d\000e\000\040\000c\000o\000n\000j\000u\000n\000t\000o\000s\000\040\000n\000u\000m\000e\000r\000a\000b\000l\000e\000s}{chapter.0.0.1}% 8
\BOOKMARK [3][-]{subsubsection.0.0.1.7}{\376\377\000D\000e\000f\000i\000n\000i\000c\000i\000\363\000n\000\040\000d\000e\000\040\000c\000o\000n\000j\000u\000n\000t\000o\000\040\000d\000e\000\040\000p\000a\000r\000t\000e\000s}{chapter.0.0.1}% 9
\BOOKMARK [3][-]{subsubsection.0.0.1.8}{\376\377\000C\000a\000r\000d\000i\000n\000a\000l\000\040\000d\000e\000\040\000p\000a\000r\000t\000e\000s\000\040\000d\000e\000\040\000u\000n\000\040\000c\000o\000n\000j\000u\000n\000t\000o\000\040\000f\000i\000n\000i\000t\000o}{chapter.0.0.1}% 10
\BOOKMARK [3][-]{subsubsection.0.0.1.9}{\376\377\000E\000l\000\040\000c\000o\000n\000j\000u\000n\000t\000o\000\040\000d\000e\000\040\000p\000a\000r\000t\000e\000s\000\040\000i\000n\000c\000r\000e\000m\000e\000n\000t\000a\000\040\000l\000a\000\040\000c\000a\000r\000d\000i\000n\000a\000l\000i\000d\000a\000d}{chapter.0.0.1}% 11
\BOOKMARK [3][-]{subsubsection.0.0.1.10}{\376\377\000C\000a\000r\000d\000i\000n\000a\000l\000i\000d\000a\000d\000\040\000d\000e\000\040\000P\000\050\000N\000\051}{chapter.0.0.1}% 12
\BOOKMARK [3][-]{subsubsection.0.0.1.11}{\376\377\000J\000e\000r\000a\000r\000q\000u\000\355\000a\000\040\000d\000e\000\040\000c\000a\000r\000d\000i\000n\000a\000l\000i\000d\000a\000d\000e\000s}{chapter.0.0.1}% 13
\BOOKMARK [2][-]{chapter.0.0.2}{\376\377\0002\000.\000\040\000D\000e\000s\000c\000o\000m\000p\000o\000s\000i\000c\000i\000\363\000n\000\040\000d\000e\000\040\000s\000u\000b\000c\000o\000n\000j\000u\000n\000t\000o\000s\000\040\000a\000b\000i\000e\000r\000t\000o\000s\000\040\000d\000e\000\040\000R\000N\003\002\000\040\000e\000n\000\040\000c\000u\000b\000o\000s\000\040\000d\000i\000\341\000d\000i\000c\000o\000s}{section*.1}% 14
\BOOKMARK [3][-]{subsubsection.0.0.2.1}{\376\377\000D\000e\000f\000i\000n\000i\000c\000i\000\363\000n\000\040\000d\000e\000\040\000i\000n\000t\000e\000r\000v\000a\000l\000o\000\040\000d\000i\000\341\000d\000i\000c\000o}{chapter.0.0.2}% 15
\BOOKMARK [3][-]{subsubsection.0.0.2.2}{\376\377\000P\000r\000o\000p\000i\000e\000d\000a\000d\000e\000s\000\040\000d\000e\000\040\000l\000o\000s\000\040\000i\000n\000t\000e\000r\000v\000a\000l\000o\000s\000\040\000d\000i\000\341\000d\000i\000c\000o\000s}{chapter.0.0.2}% 16
\BOOKMARK [3][-]{subsubsection.0.0.2.3}{\376\377\000D\000e\000f\000i\000n\000i\000c\000i\000\363\000n\000\040\000d\000e\000\040\000c\000u\000b\000o\000\040\000d\000i\000\341\000d\000i\000c\000o}{chapter.0.0.2}% 17
\BOOKMARK [3][-]{subsubsection.0.0.2.4}{\376\377\000P\000r\000o\000p\000i\000e\000d\000a\000d\000e\000s\000\040\000d\000e\000\040\000l\000o\000s\000\040\000c\000u\000b\000o\000s\000\040\000d\000i\000\341\000d\000i\000c\000o\000s}{chapter.0.0.2}% 18
\BOOKMARK [3][-]{subsubsection.0.0.2.5}{\376\377\000T\000e\000o\000r\000e\000m\000a\000\040\000d\000e\000\040\000d\000e\000s\000c\000o\000m\000p\000o\000s\000i\000c\000i\000\363\000n\000\040\000d\000e\000\040\000a\000b\000i\000e\000r\000t\000o\000s\000\040\000e\000n\000\040\000c\000u\000b\000o\000s\000\040\000d\000i\000\341\000d\000i\000c\000o\000s}{chapter.0.0.2}% 19
\BOOKMARK [2][-]{chapter.0.0.3}{\376\377\0003\000.\000\040\000S\000e\000r\000i\000e\000s\000\040\000d\000o\000b\000l\000e\000s}{section*.1}% 20
\BOOKMARK [3][-]{subsubsection.0.0.3.1}{\376\377\000D\000e\000f\000i\000n\000i\000c\000i\000\363\000n\000\040\000d\000e\000\040\000s\000u\000c\000e\000s\000i\000\363\000n\000\040\000d\000o\000b\000l\000e}{chapter.0.0.3}% 21
\BOOKMARK [3][-]{subsubsection.0.0.3.2}{\376\377\000D\000e\000f\000i\000n\000i\000c\000i\000\363\000n\000\040\000d\000e\000\040\000s\000e\000r\000i\000e\000\040\000d\000o\000b\000l\000e}{chapter.0.0.3}% 22
\BOOKMARK [3][-]{subsubsection.0.0.3.3}{\376\377\000T\000e\000o\000r\000e\000m\000a\000\040\000d\000e\000\040\000s\000e\000r\000i\000e\000s\000\040\000d\000o\000b\000l\000e\000s\000\040\000n\000o\000\040\000n\000e\000g\000a\000t\000i\000v\000a\000s}{chapter.0.0.3}% 23
\BOOKMARK [1][-]{unit.0.1}{\376\377\000I\000\040\000T\000e\000o\000r\000\355\000a\000\040\000d\000e\000\040\000l\000a\000\040\000m\000e\000d\000i\000d\000a}{}% 24
\BOOKMARK [2][-]{chapter.0.1.1}{\376\377\0001\000.\000\040\000E\000s\000p\000a\000c\000i\000o\000s\000\040\000d\000e\000\040\000m\000e\000d\000i\000d\000a}{unit.0.1}% 25
\BOOKMARK [3][-]{subsubsection.0.1.1.1}{\376\377\000D\000e\000f\000i\000n\000i\000c\000i\000\363\000n\000\040\000d\000e\000\040\000s\000-\000\341\000l\000g\000e\000b\000r\000a}{chapter.0.1.1}% 26
\BOOKMARK [3][-]{subsubsection.0.1.1.2}{\376\377\000P\000r\000o\000p\000i\000e\000d\000a\000d\000e\000s\000\040\000d\000e\000\040\000l\000a\000s\000\040\000s\000-\000\341\000l\000g\000e\000b\000r\000a\000s}{chapter.0.1.1}% 27
\BOOKMARK [3][-]{subsubsection.0.1.1.3}{\376\377\000D\000e\000f\000i\000n\000i\000c\000i\000\363\000n\000\040\000d\000e\000\040\000e\000s\000p\000a\000c\000i\000o\000\040\000d\000e\000\040\000m\000e\000d\000i\000d\000a}{chapter.0.1.1}% 28
\BOOKMARK [3][-]{subsubsection.0.1.1.4}{\376\377\000P\000r\000o\000p\000i\000e\000d\000a\000d\000e\000s\000\040\000d\000e\000\040\000l\000o\000s\000\040\000e\000s\000p\000a\000c\000i\000o\000s\000\040\000d\000e\000\040\000m\000e\000d\000i\000d\000a}{chapter.0.1.1}% 29
\BOOKMARK [3][-]{subsubsection.0.1.1.5}{\376\377\000E\000s\000p\000a\000c\000i\000o\000\040\000d\000e\000\040\000m\000e\000d\000i\000d\000a\000\040\000i\000n\000d\000u\000c\000i\000d\000o}{chapter.0.1.1}% 30
\BOOKMARK [3][-]{subsubsection.0.1.1.6}{\376\377\000M\000e\000d\000i\000d\000a\000\040\000d\000e\000\040\000c\000o\000n\000t\000a\000r}{chapter.0.1.1}% 31
\BOOKMARK [3][-]{subsubsection.0.1.1.7}{\376\377\000S\000u\000b\000a\000d\000i\000t\000i\000v\000i\000d\000a\000d\000\040\000e\000n\000\040\000e\000s\000p\000a\000c\000i\000o\000s\000\040\000d\000e\000\040\000m\000e\000d\000i\000d\000a}{chapter.0.1.1}% 32
\BOOKMARK [3][-]{subsubsection.0.1.1.8}{\376\377\000D\000e\000f\000i\000n\000i\000c\000i\000\363\000n\000\040\000d\000e\000\040\000e\000s\000p\000a\000c\000i\000o\000\040\000d\000e\000\040\000m\000e\000d\000i\000d\000a\000\040\000c\000o\000m\000p\000l\000e\000t\000o}{chapter.0.1.1}% 33
\BOOKMARK [3][-]{subsubsection.0.1.1.9}{\376\377\000C\000o\000m\000p\000l\000e\000c\000i\000\363\000n\000\040\000d\000e\000\040\000u\000n\000\040\000e\000s\000p\000a\000c\000i\000o\000\040\000d\000e\000\040\000m\000e\000d\000i\000d\000a}{chapter.0.1.1}% 34
\BOOKMARK [2][-]{chapter.0.1.2}{\376\377\0002\000.\000\040\000E\000l\000\040\000e\000s\000p\000a\000c\000i\000o\000\040\000d\000e\000\040\000m\000e\000d\000i\000d\000a\000\040\000d\000e\000\040\000L\000e\000b\000e\000s\000g\000u\000e\000\040\000\050\000R\000N\003\002\000,\000\040\000M\000\137\000N\000,\000\040\000m\000u\000\137\000n\000\051\000\051}{unit.0.1}% 35
\BOOKMARK [3][-]{subsubsection.0.1.2.1}{\376\377\000D\000e\000f\000i\000n\000i\000c\000i\000o\000n\000e\000s\000\040\000d\000e\000\040\000i\000n\000t\000e\000r\000v\000a\000l\000o\000s\000\040\000y\000\040\000c\000u\000b\000o\000s}{chapter.0.1.2}% 36
\BOOKMARK [3][-]{subsubsection.0.1.2.2}{\376\377\000D\000e\000f\000i\000n\000i\000c\000i\000\363\000n\000\040\000d\000e\000l\000\040\000v\000o\000l\000u\000m\000e\000n\000\040\000d\000e\000\040\000u\000n\000\040\000c\000u\000b\000o}{chapter.0.1.2}% 37
\BOOKMARK [3][-]{subsubsection.0.1.2.3}{\376\377\000D\000e\000f\000i\000n\000i\000c\000i\000\363\000n\000\040\000d\000e\000\040\000m\000e\000d\000i\000d\000a\000\040\000e\000x\000t\000e\000r\000i\000o\000r}{chapter.0.1.2}% 38
\BOOKMARK [3][-]{subsubsection.0.1.2.4}{\376\377\000C\000o\000r\000o\000l\000a\000r\000i\000o\000\040\000d\000e\000\040\000l\000a\000\040\000d\000e\000f\000i\000n\000i\000c\000i\000\363\000n\000\040\000a\000n\000t\000e\000r\000i\000o\000r}{chapter.0.1.2}% 39
\BOOKMARK [3][-]{subsubsection.0.1.2.5}{\376\377\000E\000j\000e\000m\000p\000l\000o\000s\000\040\000b\000\341\000s\000i\000c\000o\000s\000\040\000d\000e\000\040\000m\000e\000d\000i\000d\000a\000\040\000e\000x\000t\000e\000r\000i\000o\000r}{chapter.0.1.2}% 40
\BOOKMARK [3][-]{subsubsection.0.1.2.6}{\376\377\000P\000r\000o\000p\000o\000s\000i\000c\000i\000\363\000n\000\040\000d\000e\000\040\000p\000r\000o\000p\000i\000e\000d\000a\000d\000e\000s\000\040\000d\000e\000\040\000m\000u\000*\003\002\000\137\000N}{chapter.0.1.2}% 41
\BOOKMARK [3][-]{subsubsection.0.1.2.7}{\376\377\000V\000o\000l\000u\000m\000e\000n\000\040\000d\000e\000\040\000u\000n\000\040\000i\000n\000t\000e\000r\000v\000a\000l\000o\000\040\000r\000e\000a\000l}{chapter.0.1.2}% 42
\BOOKMARK [3][-]{subsubsection.0.1.2.8}{\376\377\000D\000e\000f\000i\000n\000i\000c\000i\000\363\000n\000\040\000d\000e\000\040\000c\000o\000n\000j\000u\000n\000t\000o\000\040\000m\000e\000d\000i\000b\000l\000e\000\040\000L\000e\000b\000e\000s\000g\000u\000e}{chapter.0.1.2}% 43
\BOOKMARK [3][-]{subsubsection.0.1.2.9}{\376\377\000D\000e\000f\000i\000n\000i\000c\000i\000\363\000n\000\040\000d\000e\000\040\000s\000e\000m\000i\000e\000s\000p\000a\000c\000i\000o\000\040\000d\000e\000\040\000R\000N\003\002}{chapter.0.1.2}% 44
\BOOKMARK [3][-]{subsubsection.0.1.2.10}{\376\377\000C\000o\000n\000j\000u\000n\000t\000o\000s\000\040\000q\000u\000e\000\040\000p\000e\000r\000t\000e\000n\000e\000c\000e\000n\000\040\000a\000\040\000M\000\137\000N}{chapter.0.1.2}% 45
\BOOKMARK [3][-]{subsubsection.0.1.2.11}{\376\377\000C\000a\000r\000a\000c\000t\000e\000r\000i\000z\000a\000c\000i\000\363\000n\000\040\000d\000e\000\040\000M\000\137\000n\000\040\000p\000o\000r\000\040\000c\000o\000n\000j\000u\000n\000t\000o\000s\000\040\000c\000u\000a\000l\000e\000s\000q\000u\000i\000e\000r\000a}{chapter.0.1.2}% 46
\BOOKMARK [3][-]{subsubsection.0.1.2.12}{\376\377\000P\000r\000o\000p\000i\000e\000d\000a\000d\000e\000s\000\040\000d\000e\000\040\000M\000\137\000N}{chapter.0.1.2}% 47
\BOOKMARK [3][-]{subsubsection.0.1.2.13}{\376\377\000A\000d\000i\000t\000i\000v\000i\000d\000a\000d\000\040\000f\000i\000n\000i\000t\000a\000\040\000d\000e\000\040\000c\000o\000n\000j\000u\000n\000t\000o\000s\000\040\000e\000n\000\040\000M\000\137\000N\000\040\000d\000i\000s\000j\000u\000n\000t\000o\000s}{chapter.0.1.2}% 48
\BOOKMARK [3][-]{subsubsection.0.1.2.14}{\376\377\000T\000e\000o\000r\000e\000m\000a\000\040\000d\000e\000l\000\040\000e\000s\000p\000a\000c\000i\000o\000\040\000d\000e\000\040\000m\000e\000d\000i\000d\000a\000\040\000d\000e\000\040\000L\000e\000b\000e\000s\000g\000u\000e}{chapter.0.1.2}% 49
\BOOKMARK [3][-]{subsubsection.0.1.2.15}{\376\377\000s\000-\000\341\000l\000g\000e\000b\000r\000a\000\040\000d\000e\000\040\000B\000o\000r\000e\000l\000\040\000e\000n\000\040\000R\000N\003\002}{chapter.0.1.2}% 50
\BOOKMARK [3][-]{subsubsection.0.1.2.16}{\376\377\000T\000e\000o\000r\000e\000m\000a\000\040\000d\000e\000\040\000c\000a\000r\000a\000c\000t\000e\000r\000i\000z\000a\000c\000i\000\363\000n\000\040\000t\000o\000p\000o\000l\000\363\000g\000i\000c\000a\000\040\000d\000e\000\040\000M\000\137\000N}{chapter.0.1.2}% 51
\BOOKMARK [3][-]{subsubsection.0.1.2.17}{\376\377\000O\000b\000s\000e\000r\000v\000a\000c\000i\000\363\000n\000\040\000s\000o\000b\000r\000e\000\040\000c\000\363\000m\000o\000\040\000e\000x\000p\000r\000e\000s\000a\000r\000\040\000c\000o\000n\000j\000u\000n\000t\000o\000s\000\040\000d\000e\000\040\000M\000\137\000n}{chapter.0.1.2}% 52
\BOOKMARK [3][-]{subsubsection.0.1.2.18}{\376\377\000R\000e\000l\000a\000c\000i\000\363\000n\000\040\000p\000o\000r\000\040\000c\000o\000m\000p\000l\000e\000c\000i\000\363\000n\000\040\000e\000n\000t\000r\000e\000\040\000B\000\137\000N\000\040\000y\000\040\000M\000\137\000N}{chapter.0.1.2}% 53
\BOOKMARK [2][-]{chapter.0.1.3}{\376\377\0003\000.\000\040\000F\000u\000n\000c\000i\000o\000n\000e\000s\000\040\000m\000e\000d\000i\000b\000l\000e\000s}{unit.0.1}% 54
\BOOKMARK [3][-]{subsubsection.0.1.3.1}{\376\377\000D\000e\000f\000i\000n\000i\000c\000i\000\363\000n\000\040\000d\000e\000\040\000f\000u\000n\000c\000i\000\363\000n\000\040\000m\000e\000d\000i\000b\000l\000e}{chapter.0.1.3}% 55
\BOOKMARK [3][-]{subsubsection.0.1.3.2}{\376\377\000E\000j\000e\000m\000p\000l\000o\000s\000\040\000d\000e\000\040\000f\000u\000n\000c\000i\000o\000n\000e\000s\000\040\000m\000e\000d\000i\000b\000l\000e\000s}{chapter.0.1.3}% 56
\BOOKMARK [3][-]{subsubsection.0.1.3.3}{\376\377\000M\000e\000d\000i\000b\000i\000l\000i\000d\000a\000d\000\040\000p\000o\000r\000\040\000i\000m\000a\000g\000e\000n\000\040\000i\000n\000v\000e\000r\000s\000a\000\040\000d\000e\000\040\000a\000b\000i\000e\000r\000t\000o\000s}{chapter.0.1.3}% 57
\BOOKMARK [3][-]{subsubsection.0.1.3.4}{\376\377\000M\000e\000d\000i\000b\000i\000l\000i\000d\000a\000d\000\040\000d\000e\000\040\000m\000\341\000x\000i\000m\000o\000,\000\040\000m\000\355\000n\000i\000m\000o\000,\000\040\000s\000u\000p\000r\000e\000m\000o\000\040\000e\000\040\000\355\000n\000f\000i\000m\000o}{chapter.0.1.3}% 58
\BOOKMARK [3][-]{subsubsection.0.1.3.5}{\376\377\000S\000u\000m\000a\000,\000\040\000p\000r\000o\000d\000u\000c\000t\000o\000\040\000p\000o\000r\000\040\000e\000s\000c\000a\000l\000a\000r\000e\000s\000\040\000y\000\040\000c\000u\000a\000d\000r\000a\000d\000o\000\040\000d\000e\000\040\000f\000u\000n\000c\000i\000o\000n\000e\000s\000\040\000m\000e\000d\000i\000b\000l\000e\000s}{chapter.0.1.3}% 59
\BOOKMARK [3][-]{subsubsection.0.1.3.6}{\376\377\000M\000e\000d\000i\000b\000i\000l\000i\000d\000a\000d\000\040\000d\000e\000l\000\040\000l\000\355\000m\000i\000t\000e\000\040\000c\000u\000a\000n\000d\000o\000\040\000n\000o\000\040\000e\000x\000i\000s\000t\000e}{chapter.0.1.3}% 60
\BOOKMARK [3][-]{subsubsection.0.1.3.7}{\376\377\000C\000o\000m\000p\000o\000s\000i\000c\000i\000\363\000n\000\040\000d\000e\000\040\000f\000u\000n\000c\000i\000o\000n\000e\000s\000\040\000m\000e\000d\000i\000b\000l\000e\000s}{chapter.0.1.3}% 61
\BOOKMARK [3][-]{subsubsection.0.1.3.8}{\376\377\000O\000p\000e\000r\000a\000c\000i\000o\000n\000e\000s\000\040\000e\000n\000\040\000R}{chapter.0.1.3}% 62
\BOOKMARK [3][-]{subsubsection.0.1.3.9}{\376\377\000C\000o\000c\000i\000e\000n\000t\000e\000\040\000d\000e\000\040\000u\000n\000a\000\040\000f\000u\000n\000c\000i\000\363\000n\000\040\000m\000e\000d\000i\000b\000l\000e}{chapter.0.1.3}% 63
\BOOKMARK [3][-]{subsubsection.0.1.3.10}{\376\377\000C\000o\000m\000p\000o\000s\000i\000c\000i\000\363\000n\000\040\000d\000e\000\040\000f\000u\000n\000c\000i\000o\000n\000e\000s\000\040\000m\000e\000d\000i\000b\000l\000e\000s\000\040\000e\000n\000\040\000B\000\137\0001}{chapter.0.1.3}% 64
\BOOKMARK [3][-]{subsubsection.0.1.3.11}{\376\377\000D\000e\000f\000i\000n\000i\000c\000i\000\363\000n\000\040\000d\000e\000\040\000f\000u\000n\000c\000i\000\363\000n\000\040\000c\000a\000r\000a\000c\000t\000e\000r\000\355\000s\000t\000i\000c\000a}{chapter.0.1.3}% 65
\BOOKMARK [3][-]{subsubsection.0.1.3.12}{\376\377\000M\000e\000d\000i\000b\000i\000l\000i\000d\000a\000d\000\040\000s\000e\000g\000\372\000n\000\040\000f\000u\000n\000c\000i\000\363\000n\000\040\000c\000a\000r\000a\000c\000t\000e\000r\000\355\000s\000t\000i\000c\000a}{chapter.0.1.3}% 66
\BOOKMARK [3][-]{subsubsection.0.1.3.13}{\376\377\000D\000e\000f\000i\000n\000i\000c\000i\000\363\000n\000\040\000d\000e\000\040\000f\000u\000n\000c\000i\000\363\000n\000\040\000s\000i\000m\000p\000l\000e}{chapter.0.1.3}% 67
\BOOKMARK [3][-]{subsubsection.0.1.3.14}{\376\377\000M\000e\000d\000i\000b\000i\000l\000i\000d\000a\000d\000\040\000d\000e\000\040\000f\000u\000n\000c\000i\000o\000n\000e\000s\000\040\000s\000i\000m\000p\000l\000e\000s}{chapter.0.1.3}% 68
\BOOKMARK [3][-]{subsubsection.0.1.3.15}{\376\377\000P\000r\000o\000d\000u\000c\000t\000o\000\040\000d\000e\000\040\000f\000u\000n\000c\000i\000o\000n\000e\000s\000\040\000m\000e\000d\000i\000b\000l\000e\000s}{chapter.0.1.3}% 69
\BOOKMARK [3][-]{subsubsection.0.1.3.16}{\376\377\000D\000e\000f\000i\000n\000i\000c\000i\000\363\000n\000\040\000d\000e\000\040\000p\000a\000r\000t\000e\000\040\000p\000o\000s\000i\000t\000i\000v\000a\000\040\000y\000\040\000n\000e\000g\000a\000t\000i\000v\000a}{chapter.0.1.3}% 70
\BOOKMARK [3][-]{subsubsection.0.1.3.17}{\376\377\000F\000u\000n\000c\000i\000o\000n\000e\000s\000\040\000m\000e\000d\000i\000b\000l\000e\000s\000\040\000c\000o\000m\000o\000\040\000l\000\355\000m\000i\000t\000e\000\040\000d\000e\000\040\000s\000i\000m\000p\000l\000e\000s}{chapter.0.1.3}% 71
\BOOKMARK [3][-]{subsubsection.0.1.3.18}{\376\377\000C\000o\000n\000v\000e\000r\000g\000e\000n\000c\000i\000a\000\040\000u\000n\000i\000f\000o\000r\000m\000e\000\040\000p\000a\000r\000a\000\040\000f\000u\000n\000c\000i\000o\000n\000e\000s\000\040\000a\000c\000o\000t\000a\000d\000a\000s}{chapter.0.1.3}% 72
\BOOKMARK [1][-]{unit.0.2}{\376\377\000I\000I\000\040\000I\000n\000t\000e\000g\000r\000a\000l\000\040\000d\000e\000\040\000L\000e\000b\000e\000s\000g\000u\000e}{}% 73
\BOOKMARK [2][-]{chapter.0.2.1}{\376\377\0001\000.\000\040\000I\000n\000t\000e\000g\000r\000a\000l\000\040\000d\000e\000\040\000L\000e\000b\000e\000s\000g\000u\000e\000\040\000p\000a\000r\000a\000\040\000f\000u\000n\000c\000i\000o\000n\000e\000s\000\040\000n\000o\000\040\000n\000e\000g\000a\000t\000i\000v\000a\000s}{unit.0.2}% 74
\BOOKMARK [3][-]{subsubsection.0.2.1.1}{\376\377\000C\000o\000n\000v\000e\000n\000i\000o\000\040\0000\000\040\000\267\000\040\000i\000n\000f\000t\000y}{chapter.0.2.1}% 75
\BOOKMARK [3][-]{subsubsection.0.2.1.2}{\376\377\000D\000e\000f\000i\000n\000i\000c\000i\000\363\000n\000\040\000d\000e\000\040\000i\000n\000t\000e\000g\000r\000a\000l\000\040\000d\000e\000\040\000f\000u\000n\000c\000i\000o\000n\000e\000s\000\040\000s\000i\000m\000p\000l\000e\000s}{chapter.0.2.1}% 76
\BOOKMARK [3][-]{subsubsection.0.2.1.3}{\376\377\000L\000i\000n\000e\000a\000l\000i\000d\000a\000d\000\040\000d\000e\000l\000\040\000i\000n\000t\000e\000g\000r\000a\000n\000d\000o}{chapter.0.2.1}% 77
\BOOKMARK [3][-]{subsubsection.0.2.1.4}{\376\377\000L\000i\000n\000e\000a\000l\000i\000d\000a\000d\000\040\000p\000a\000r\000c\000i\000a\000l}{chapter.0.2.1}% 78
\BOOKMARK [3][-]{subsubsection.0.2.1.5}{\376\377\000M\000o\000n\000o\000t\000o\000n\000\355\000a\000\040\000d\000e\000\040\000l\000a\000\040\000i\000n\000t\000e\000g\000r\000a\000l\000\040\000s\000i\000m\000p\000l\000e}{chapter.0.2.1}% 79
\BOOKMARK [3][-]{subsubsection.0.2.1.6}{\376\377\000L\000i\000n\000e\000a\000l\000i\000d\000a\000d\000\040\000d\000e\000\040\000l\000a\000\040\000i\000n\000t\000e\000g\000r\000a\000l\000\040\000s\000i\000m\000p\000l\000e\000\040\000p\000o\000r\000\040\000c\000o\000n\000s\000t\000a\000n\000t\000e\000s}{chapter.0.2.1}% 80
\BOOKMARK [3][-]{subsubsection.0.2.1.7}{\376\377\000I\000n\000t\000e\000g\000r\000a\000l\000\040\000d\000e\000\040\000f\000u\000n\000c\000i\000o\000n\000e\000s\000\040\000m\000e\000d\000i\000b\000l\000e\000s\000\040\000n\000o\000\040\000n\000e\000g\000a\000t\000i\000v\000a\000s}{chapter.0.2.1}% 81
\BOOKMARK [3][-]{subsubsection.0.2.1.8}{\376\377\000E\000j\000e\000m\000p\000l\000o\000s\000\040\000d\000e\000\040\000i\000n\000t\000e\000g\000r\000a\000l\000e\000s}{chapter.0.2.1}% 82
\BOOKMARK [3][-]{subsubsection.0.2.1.9}{\376\377\000P\000r\000o\000p\000i\000e\000d\000a\000d\000e\000s\000\040\000b\000\341\000s\000i\000c\000a\000s}{chapter.0.2.1}% 83
\BOOKMARK [3][-]{subsubsection.0.2.1.10}{\376\377\000T\000e\000o\000r\000e\000m\000a\000\040\000d\000e\000\040\000l\000a\000\040\000c\000o\000n\000v\000e\000r\000g\000e\000n\000c\000i\000a\000\040\000m\000o\000n\000\363\000t\000o\000n\000a}{chapter.0.2.1}% 84
\BOOKMARK [3][-]{subsubsection.0.2.1.11}{\376\377\000I\000n\000t\000e\000g\000r\000a\000l\000\040\000d\000e\000\040\000l\000a\000\040\000s\000u\000m\000a}{chapter.0.2.1}% 85
\BOOKMARK [3][-]{subsubsection.0.2.1.12}{\376\377\000I\000n\000t\000e\000g\000r\000a\000l\000e\000s\000\040\000e\000n\000\040\000c\000o\000n\000j\000u\000n\000t\000o\000s\000\040\000d\000i\000s\000j\000u\000n\000t\000o\000s}{chapter.0.2.1}% 86
\BOOKMARK [3][-]{subsubsection.0.2.1.13}{\376\377\000L\000e\000m\000a\000\040\000d\000e\000\040\000F\000a\000t\000o\000u}{chapter.0.2.1}% 87
\BOOKMARK [3][-]{subsubsection.0.2.1.14}{\376\377\000D\000e\000f\000i\000n\000i\000c\000i\000\363\000n\000\040\000d\000e\000\040\000i\000g\000u\000a\000l\000d\000a\000d\000\040\000e\000n\000\040\000c\000a\000s\000i\000\040\000t\000o\000d\000o\000\040\000p\000u\000n\000t\000o}{chapter.0.2.1}% 88
\BOOKMARK [3][-]{subsubsection.0.2.1.15}{\376\377\000M\000e\000d\000i\000b\000i\000l\000i\000d\000a\000d\000\040\000d\000e\000\040\000f\000u\000n\000c\000i\000o\000n\000e\000s\000\040\000i\000g\000u\000a\000l\000e\000s\000\040\000e\000n\000\040\000c\000a\000s\000i\000\040\000t\000o\000d\000o\000\040\000p\000u\000n\000t\000o}{chapter.0.2.1}% 89
\BOOKMARK [3][-]{subsubsection.0.2.1.16}{\376\377\000I\000n\000t\000e\000g\000r\000a\000l\000\040\000d\000e\000\040\000f\000u\000n\000c\000i\000o\000n\000e\000s\000\040\000i\000g\000u\000a\000l\000e\000s\000\040\000e\000n\000\040\000c\000a\000s\000i\000\040\000t\000o\000d\000o\000\040\000p\000u\000n\000t\000o}{chapter.0.2.1}% 90
\BOOKMARK [3][-]{subsubsection.0.2.1.17}{\376\377\000I\000n\000t\000e\000g\000r\000a\000l\000\040\000d\000e\000\040\000f\000u\000n\000c\000i\000o\000n\000e\000s\000\040\000n\000u\000l\000a\000s\000\040\000e\000n\000\040\000c\000a\000s\000i\000\040\000t\000o\000d\000o\000\040\000p\000u\000n\000t\000o}{chapter.0.2.1}% 91
\BOOKMARK [2][-]{chapter.0.2.2}{\376\377\0002\000.\000\040\000I\000n\000t\000e\000g\000r\000a\000l\000\040\000d\000e\000\040\000L\000e\000b\000e\000s\000g\000u\000e\000\040\000p\000a\000r\000a\000\040\000f\000u\000n\000c\000i\000o\000n\000e\000s\000\040\000f\000\040\000:\000\040\000X\000\040\000-\000>\000\040\000R}{unit.0.2}% 92
\BOOKMARK [3][-]{subsubsection.0.2.2.1}{\376\377\000F\000u\000n\000c\000i\000o\000n\000e\000s\000\040\000i\000n\000t\000e\000g\000r\000a\000b\000l\000e\000s\000\040\000y\000\040\000s\000u\000m\000a\000b\000l\000e\000s}{chapter.0.2.2}% 93
\BOOKMARK [3][-]{subsubsection.0.2.2.2}{\376\377\000D\000e\000s\000i\000g\000u\000a\000l\000d\000a\000d\000\040\000t\000r\000i\000a\000n\000g\000u\000l\000a\000r}{chapter.0.2.2}% 94
\BOOKMARK [3][-]{subsubsection.0.2.2.3}{\376\377\000D\000e\000f\000i\000n\000i\000c\000i\000\363\000n\000\040\000d\000e\000\040\000c\000o\000n\000j\000u\000n\000t\000o\000\040\000d\000e\000\040\000f\000u\000n\000c\000i\000o\000n\000e\000s\000\040\000s\000u\000m\000a\000b\000l\000e\000s}{chapter.0.2.2}% 95
\BOOKMARK [3][-]{subsubsection.0.2.2.4}{\376\377\000T\000e\000o\000r\000e\000m\000a\000\040\000d\000e\000\040\000e\000s\000t\000r\000u\000c\000t\000u\000r\000a\000\040\000d\000e\000\040\000L\000\137\0001}{chapter.0.2.2}% 96
\BOOKMARK [3][-]{subsubsection.0.2.2.5}{\376\377\000I\000n\000t\000e\000g\000r\000a\000l\000\040\000d\000e\000\040\000f\000u\000n\000c\000i\000o\000n\000e\000s\000\040\000s\000u\000m\000a\000b\000l\000e\000s\000\040\000e\000n\000\040\000c\000o\000n\000j\000u\000n\000t\000o\000s\000\040\000d\000i\000s\000j\000u\000n\000t\000o\000s}{chapter.0.2.2}% 97
\BOOKMARK [3][-]{subsubsection.0.2.2.6}{\376\377\000F\000u\000n\000c\000i\000o\000n\000e\000s\000\040\000m\000u\000-\000a\000.\000e\000.\000\040\000a\000\040\000s\000u\000m\000a\000b\000l\000e\000s\000\040\000e\000n\000\040\000L\000\137\0001}{chapter.0.2.2}% 98
\BOOKMARK [3][-]{subsubsection.0.2.2.7}{\376\377\000T\000e\000o\000r\000e\000m\000a\000\040\000d\000e\000\040\000C\000o\000n\000v\000e\000r\000g\000e\000n\000c\000i\000a\000\040\000D\000o\000m\000i\000n\000a\000d\000a}{chapter.0.2.2}% 99
\BOOKMARK [2][-]{chapter.0.2.3}{\376\377\0003\000.\000\040\000C\000\341\000l\000c\000u\000l\000o\000\040\000d\000e\000\040\000l\000a\000\040\000i\000n\000t\000e\000g\000r\000a\000l\000\040\000d\000e\000\040\000L\000e\000b\000e\000s\000g\000u\000e\000\040\000e\000n\000\040\000R}{unit.0.2}% 100
\BOOKMARK [3][-]{subsubsection.0.2.3.1}{\376\377\000E\000q\000u\000i\000v\000a\000l\000e\000n\000c\000i\000a\000\040\000d\000e\000\040\000l\000a\000s\000\040\000i\000n\000t\000e\000g\000r\000a\000l\000e\000s\000\040\000d\000e\000\040\000R\000i\000e\000m\000a\000n\000n\000\040\000y\000\040\000L\000e\000b\000e\000s\000g\000u\000e}{chapter.0.2.3}% 101
\BOOKMARK [3][-]{subsubsection.0.2.3.2}{\376\377\000D\000e\000f\000i\000n\000i\000c\000i\000\363\000n\000\040\000d\000e\000\040\000f\000u\000n\000c\000i\000\363\000n\000\040\000l\000o\000c\000a\000l\000m\000e\000n\000t\000e\000\040\000i\000n\000t\000e\000g\000r\000a\000b\000l\000e}{chapter.0.2.3}% 102
\BOOKMARK [3][-]{subsubsection.0.2.3.3}{\376\377\000M\000e\000d\000i\000b\000i\000l\000i\000d\000a\000d\000\040\000d\000e\000\040\000f\000u\000n\000c\000i\000o\000n\000e\000s\000\040\000l\000o\000c\000a\000l\000m\000e\000n\000t\000e\000\040\000i\000n\000t\000e\000g\000r\000a\000b\000l\000e\000s}{chapter.0.2.3}% 103
\BOOKMARK [3][-]{subsubsection.0.2.3.4}{\376\377\000I\000n\000t\000e\000g\000r\000a\000l\000\040\000d\000e\000\040\000L\000e\000b\000e\000s\000g\000u\000e\000\040\000e\000\040\000i\000n\000t\000e\000g\000r\000a\000l\000\040\000i\000m\000p\000r\000o\000p\000i\000a\000\040\000d\000e\000\040\000R\000i\000e\000m\000a\000n\000n}{chapter.0.2.3}% 104
\BOOKMARK [3][-]{subsubsection.0.2.3.5}{\376\377\000E\000j\000e\000m\000p\000l\000o\000\040\000d\000e\000\040\000n\000o\000\040\000e\000q\000u\000i\000v\000a\000l\000e\000n\000c\000i\000a}{chapter.0.2.3}% 105
\BOOKMARK [3][-]{subsubsection.0.2.3.6}{\376\377\000D\000e\000f\000i\000n\000i\000c\000i\000\363\000n\000\040\000d\000e\000\040\000i\000n\000t\000e\000g\000r\000a\000l\000\040\000i\000m\000p\000r\000o\000p\000i\000a\000\040\000d\000e\000\040\000L\000e\000b\000e\000s\000g\000u\000e}{chapter.0.2.3}% 106
\BOOKMARK [3][-]{subsubsection.0.2.3.7}{\376\377\000D\000e\000r\000i\000v\000a\000c\000i\000\363\000n\000\040\000b\000a\000j\000o\000\040\000e\000l\000\040\000s\000i\000g\000n\000o\000\040\000i\000n\000t\000e\000g\000r\000a\000l}{chapter.0.2.3}% 107
\BOOKMARK [3][-]{subsubsection.0.2.3.8}{\376\377\000I\000n\000t\000e\000g\000r\000a\000l\000e\000s\000\040\000d\000e\000\040\000f\000u\000n\000c\000i\000o\000n\000e\000s\000\040\000d\000e\000\040\000c\000o\000m\000p\000o\000n\000e\000n\000t\000e\000s\000\040\000e\000n\000\040\000R\0002\003\002}{chapter.0.2.3}% 108
\BOOKMARK [2][-]{chapter.0.2.4}{\376\377\0004\000.\000\040\000C\000\341\000l\000c\000u\000l\000o\000\040\000d\000e\000\040\000l\000a\000\040\000i\000n\000t\000e\000g\000r\000a\000l\000\040\000d\000e\000\040\000L\000e\000b\000e\000s\000g\000u\000e\000\040\000e\000n\000\040\000R\000N\003\002}{unit.0.2}% 109
\BOOKMARK [3][-]{subsubsection.0.2.4.1}{\376\377\000N\000o\000t\000a\000c\000i\000\363\000n\000\040\000y\000\040\000c\000o\000n\000c\000e\000p\000t\000o\000s\000\040\000i\000n\000i\000c\000i\000a\000l\000e\000s}{chapter.0.2.4}% 110
\BOOKMARK [3][-]{subsubsection.0.2.4.2}{\376\377\000P\000r\000o\000p\000i\000e\000d\000a\000d\000e\000s\000\040\000d\000e\000\040\000l\000a\000s\000\040\000s\000e\000c\000c\000i\000o\000n\000e\000s}{chapter.0.2.4}% 111
\BOOKMARK [3][-]{subsubsection.0.2.4.3}{\376\377\000T\000e\000o\000r\000e\000m\000a\000\040\000d\000e\000\040\000a\000n\000o\000m\000a\000l\000\355\000a\000s\000\040\000d\000e\000\040\000c\000o\000n\000j\000u\000n\000t\000o\000s\000\040\000m\000e\000d\000i\000b\000l\000e\000s}{chapter.0.2.4}% 112
\BOOKMARK [3][-]{subsubsection.0.2.4.4}{\376\377\000T\000e\000o\000r\000e\000m\000a\000\040\000d\000e\000\040\000T\000o\000n\000e\000l\000l\000i}{chapter.0.2.4}% 113
\BOOKMARK [3][-]{subsubsection.0.2.4.5}{\376\377\000T\000e\000o\000r\000e\000m\000a\000\040\000d\000e\000\040\000F\000u\000b\000i\000n\000i}{chapter.0.2.4}% 114
\BOOKMARK [3][-]{subsubsection.0.2.4.6}{\376\377\000T\000e\000o\000r\000e\000m\000a\000\040\000d\000e\000\040\000C\000a\000m\000b\000i\000o\000\040\000d\000e\000\040\000V\000a\000r\000i\000a\000b\000l\000e}{chapter.0.2.4}% 115
\BOOKMARK [1][-]{unit.0.3}{\376\377\000I\000I\000I\000\040\000E\000s\000p\000a\000c\000i\000o\000s\000\040\000L\000p\000\040\000c\000o\000n\000\040\0001\000\040\000<\000=\000\040\000p\000\040\000<\000=\000\040\000i\000n\000f\000t\000y}{}% 116
\BOOKMARK [2][-]{chapter.0.3.1}{\376\377\0001\000.\000\040\000P\000r\000i\000m\000e\000r\000a\000s\000\040\000d\000e\000f\000i\000n\000i\000c\000i\000o\000n\000e\000s}{unit.0.3}% 117
\BOOKMARK [3][-]{subsubsection.0.3.1.1}{\376\377\000D\000e\000f\000i\000n\000i\000c\000i\000\363\000n\000\040\000d\000e\000\040\000L\000p}{chapter.0.3.1}% 118
\BOOKMARK [3][-]{subsubsection.0.3.1.2}{\376\377\000D\000e\000f\000i\000n\000i\000c\000i\000\363\000n\000\040\000d\000e\000\040\000L\000\137\000i\000n\000f\000t\000y}{chapter.0.3.1}% 119
\BOOKMARK [3][-]{subsubsection.0.3.1.3}{\376\377\000F\000u\000n\000c\000i\000o\000n\000e\000s\000\040\000s\000u\000m\000a\000b\000l\000e\000s\000\040\000y\000\040\000f\000u\000n\000c\000i\000o\000n\000e\000s\000\040\000d\000e\000\040\000L\000p\000\050\000X\000\051}{chapter.0.3.1}% 120
\BOOKMARK [3][-]{subsubsection.0.3.1.4}{\376\377\000D\000e\000f\000i\000n\000i\000c\000i\000\363\000n\000\040\000d\000e\000\040\000s\000u\000p\000r\000e\000m\000o\000\040\000e\000s\000e\000n\000c\000i\000a\000l}{chapter.0.3.1}% 121
\BOOKMARK [3][-]{subsubsection.0.3.1.5}{\376\377\000M\000\355\000n\000i\000m\000o\000\040\000e\000s\000e\000n\000c\000i\000a\000l}{chapter.0.3.1}% 122
\BOOKMARK [2][-]{chapter.0.3.2}{\376\377\0002\000.\000\040\000E\000s\000t\000r\000u\000c\000t\000u\000r\000a\000\040\000d\000e\000\040\000l\000o\000s\000\040\000L\000\137\000p}{unit.0.3}% 123
\BOOKMARK [3][-]{subsubsection.0.3.2.1}{\376\377\000C\000o\000n\000c\000e\000p\000t\000o\000\040\000d\000e\000\040\000c\000o\000n\000v\000e\000x\000i\000d\000a\000d}{chapter.0.3.2}% 124
\BOOKMARK [3][-]{subsubsection.0.3.2.2}{\376\377\000L\000o\000s\000\040\000L\000\137\000p\000\050\000X\000\051\000\040\000s\000o\000n\000\040\000e\000s\000p\000a\000c\000i\000o\000s\000\040\000v\000e\000c\000t\000o\000r\000i\000a\000l\000e\000s}{chapter.0.3.2}% 125
\BOOKMARK [3][-]{subsubsection.0.3.2.3}{\376\377\000C\000o\000n\000j\000u\000g\000a\000d\000o\000\040\000p\000*}{chapter.0.3.2}% 126
\BOOKMARK [3][-]{subsubsection.0.3.2.4}{\376\377\000D\000e\000s\000i\000g\000u\000a\000l\000d\000a\000d\000\040\000d\000e\000\040\000H\000\366\000l\000d\000e\000r}{chapter.0.3.2}% 127
\BOOKMARK [3][-]{subsubsection.0.3.2.5}{\376\377\000D\000e\000s\000i\000g\000u\000a\000l\000d\000a\000d\000\040\000d\000e\000\040\000M\000i\000n\000k\000o\000w\000s\000k\000i}{chapter.0.3.2}% 128
\BOOKMARK [3][-]{subsubsection.0.3.2.6}{\376\377\000D\000e\000f\000i\000n\000i\000c\000i\000\363\000n\000\040\000d\000e\000\040\000e\000s\000p\000a\000c\000i\000o\000\040\000v\000e\000c\000t\000o\000r\000i\000a\000l\000\040\000s\000e\000m\000i\000n\000o\000r\000m\000a\000d\000o}{chapter.0.3.2}% 129
\BOOKMARK [2][-]{chapter.0.3.3}{\376\377\0003\000.\000\040\000P\000a\000s\000o\000\040\000a\000\040\000c\000o\000n\000j\000u\000n\000t\000o\000s\000\040\000c\000o\000c\000i\000e\000n\000t\000e\000s\000\040\000L\000\137\000p}{unit.0.3}% 130
\BOOKMARK [3][-]{subsubsection.0.3.3.1}{\376\377\000C\000o\000n\000j\000u\000n\000t\000o\000\040\000c\000o\000c\000i\000e\000n\000t\000e\000\040\000d\000a\000d\000o\000\040\000p\000o\000r\000\040\000s\000u\000b\000e\000s\000p\000a\000c\000i\000o\000\040\000v\000e\000c\000t\000o\000r\000i\000a\000l}{chapter.0.3.3}% 131
\BOOKMARK [3][-]{subsubsection.0.3.3.2}{\376\377\000C\000o\000n\000v\000e\000r\000t\000i\000r\000\040\000u\000n\000\040\000e\000s\000p\000a\000c\000i\000o\000\040\000s\000e\000m\000i\000n\000o\000r\000m\000a\000d\000o\000\040\000e\000n\000\040\000u\000n\000o\000\040\000n\000o\000r\000m\000a\000d\000o}{chapter.0.3.3}% 132
\BOOKMARK [3][-]{subsubsection.0.3.3.3}{\376\377\000U\000n\000i\000c\000i\000d\000a\000d\000\040\000d\000e\000l\000\040\000c\000o\000n\000j\000u\000n\000t\000o\000\040\000N\000\040\000e\000n\000\040\000l\000o\000s\000\040\000L\000\137\000p\000\050\000X\000\051}{chapter.0.3.3}% 133
\BOOKMARK [3][-]{subsubsection.0.3.3.4}{\376\377\000D\000e\000f\000i\000n\000i\000c\000i\000\363\000n\000\040\000d\000e\000\040\000e\000s\000p\000a\000c\000i\000o\000s\000\040\000L\000\137\000p}{chapter.0.3.3}% 134
\BOOKMARK [3][-]{subsubsection.0.3.3.5}{\376\377\000E\000s\000p\000a\000c\000i\000o\000s\000\040\000l\000\137\000p\000\040\000c\000o\000m\000o\000\040\000e\000s\000p\000a\000c\000i\000o\000s\000\040\000L\000\137\000p}{chapter.0.3.3}% 135
\BOOKMARK [3][-]{subsubsection.0.3.3.6}{\376\377\000T\000e\000o\000r\000e\000m\000a\000\040\000d\000e\000\040\000R\000i\000e\000s\000z\000-\000F\000i\000s\000h\000e\000r}{chapter.0.3.3}% 136
\BOOKMARK [1][-]{unit.0.4}{\376\377\000I\000V\000\040\000S\000e\000r\000i\000e\000s\000\040\000d\000e\000\040\000F\000o\000u\000r\000i\000e\000r}{}% 137
\BOOKMARK [2][-]{chapter.0.4.1}{\376\377\0001\000.\000\040\000P\000r\000i\000m\000e\000r\000o\000s\000\040\000c\000o\000n\000c\000e\000p\000t\000o\000s}{unit.0.4}% 138
\BOOKMARK [3][-]{subsubsection.0.4.1.1}{\376\377\000D\000e\000f\000i\000n\000i\000c\000i\000\363\000n\000\040\000d\000e\000\040\000s\000i\000s\000t\000e\000m\000a\000\040\000o\000r\000t\000o\000n\000o\000r\000m\000a\000l}{chapter.0.4.1}% 139
\BOOKMARK [3][-]{subsubsection.0.4.1.2}{\376\377\000E\000j\000e\000m\000p\000l\000o\000s\000\040\000d\000e\000\040\000s\000i\000s\000t\000e\000m\000a\000s\000\040\000o\000r\000t\000o\000n\000o\000r\000m\000a\000l\000e\000s}{chapter.0.4.1}% 140
\BOOKMARK [3][-]{subsubsection.0.4.1.3}{\376\377\000T\000e\000o\000r\000e\000m\000a\000\040\000d\000e\000\040\000\363\000p\000t\000i\000m\000a\000\040\000a\000p\000r\000o\000x\000i\000m\000a\000c\000i\000\363\000n}{chapter.0.4.1}% 141
\BOOKMARK [3][-]{subsubsection.0.4.1.4}{\376\377\000D\000e\000f\000i\000n\000i\000c\000i\000\363\000n\000\040\000d\000e\000\040\000c\000o\000e\000f\000i\000c\000i\000e\000n\000t\000e\000s\000\040\000d\000e\000\040\000F\000o\000u\000r\000i\000e\000r}{chapter.0.4.1}% 142
\BOOKMARK [3][-]{subsubsection.0.4.1.5}{\376\377\000U\000n\000i\000c\000i\000d\000a\000d\000\040\000d\000e\000\040\000l\000a\000s\000\040\000S\000e\000r\000i\000e\000s\000\040\000d\000e\000\040\000F\000o\000u\000r\000i\000e\000r}{chapter.0.4.1}% 143
\BOOKMARK [3][-]{subsubsection.0.4.1.6}{\376\377\000I\000d\000e\000n\000t\000i\000d\000a\000d\000\040\000d\000e\000\040\000P\000a\000r\000s\000e\000v\000a\000l}{chapter.0.4.1}% 144
\BOOKMARK [3][-]{subsubsection.0.4.1.7}{\376\377\000D\000e\000f\000i\000n\000i\000c\000i\000\363\000n\000\040\000d\000e\000\040\000s\000i\000s\000t\000e\000m\000a\000\040\000o\000r\000t\000o\000n\000o\000r\000m\000a\000l\000\040\000c\000o\000m\000p\000l\000e\000t\000o}{chapter.0.4.1}% 145
\BOOKMARK [3][-]{subsubsection.0.4.1.8}{\376\377\000E\000j\000e\000m\000p\000l\000o\000\040\000d\000e\000\040\000s\000i\000s\000t\000e\000m\000a\000\040\000o\000r\000t\000o\000n\000o\000r\000m\000a\000l\000\040\000c\000o\000m\000p\000l\000e\000t\000o}{chapter.0.4.1}% 146
\BOOKMARK [3][-]{subsubsection.0.4.1.9}{\376\377\000E\000j\000e\000m\000p\000l\000o\000\040\000d\000e\000\040\000c\000\341\000l\000c\000u\000l\000o\000\040\000d\000e\000\040\000s\000e\000r\000i\000e\000\040\000d\000e\000\040\000F\000o\000u\000r\000i\000e\000r}{chapter.0.4.1}% 147
\BOOKMARK [2][-]{chapter.0.4.2}{\376\377\0002\000.\000\040\000E\000s\000t\000u\000d\000i\000o\000\040\000d\000e\000\040\000l\000a\000\040\000c\000o\000n\000v\000e\000r\000g\000e\000n\000c\000i\000a\000\040\000p\000u\000n\000t\000u\000a\000l}{unit.0.4}% 148
\BOOKMARK [3][-]{subsubsection.0.4.2.1}{\376\377\000T\000e\000o\000r\000e\000m\000a\000\040\000d\000e\000\040\000R\000i\000e\000s\000z\000-\000F\000i\000s\000h\000e\000r}{chapter.0.4.2}% 149
\BOOKMARK [3][-]{subsubsection.0.4.2.2}{\376\377\000S\000u\000m\000a\000\040\000p\000a\000r\000c\000i\000a\000l\000\040\000c\000o\000m\000o\000\040\000i\000n\000t\000e\000g\000r\000a\000l\000\040\000d\000e\000\040\000s\000e\000m\000i\000s\000u\000m\000a\000s}{chapter.0.4.2}% 150
\BOOKMARK [3][-]{subsubsection.0.4.2.3}{\376\377\000L\000e\000m\000a\000\040\000d\000e\000\040\000R\000i\000e\000m\000a\000n\000n\000-\000L\000e\000b\000e\000s\000g\000u\000e}{chapter.0.4.2}% 151
\BOOKMARK [3][-]{subsubsection.0.4.2.4}{\376\377\000F\000u\000n\000c\000i\000o\000n\000e\000s\000\040\000d\000e\000\040\000v\000a\000r\000i\000a\000c\000i\000\363\000n\000\040\000a\000c\000o\000t\000a\000d\000a}{chapter.0.4.2}% 152
\BOOKMARK [3][-]{subsubsection.0.4.2.5}{\376\377\000T\000e\000o\000r\000e\000m\000a\000\040\000d\000e\000\040\000L\000o\000c\000a\000l\000i\000z\000a\000c\000i\000\363\000n\000\040\000d\000e\000\040\000R\000i\000e\000m\000a\000n\000n}{chapter.0.4.2}% 153
\BOOKMARK [3][-]{subsubsection.0.4.2.6}{\376\377\000T\000e\000o\000r\000e\000m\000a\000\040\000d\000e\000\040\000J\000o\000r\000d\000a\000n}{chapter.0.4.2}% 154
\BOOKMARK [3][-]{subsubsection.0.4.2.7}{\376\377\000C\000o\000n\000d\000i\000c\000i\000\363\000n\000\040\000d\000e\000\040\000J\000o\000r\000d\000a\000n}{chapter.0.4.2}% 155
\BOOKMARK [3][-]{subsubsection.0.4.2.8}{\376\377\000T\000e\000o\000r\000e\000m\000a\000\040\000d\000e\000\040\000D\000i\000n\000i}{chapter.0.4.2}% 156
\BOOKMARK [3][-]{subsubsection.0.4.2.9}{\376\377\000C\000o\000n\000d\000i\000c\000i\000\363\000n\000\040\000d\000e\000\040\000D\000i\000n\000i}{chapter.0.4.2}% 157
\BOOKMARK [3][-]{subsubsection.0.4.2.10}{\376\377\000T\000e\000o\000r\000e\000m\000a\000\040\000d\000e\000\040\000C\000a\000r\000l\000e\000s\000o\000n}{chapter.0.4.2}% 158
\BOOKMARK [3][-]{subsubsection.0.4.2.11}{\376\377\000E\000j\000e\000m\000p\000l\000o\000\040\000s\000o\000b\000r\000e\000\040\000u\000n\000a\000\040\000f\000u\000n\000c\000i\000\363\000n\000\040\000c\000o\000n\000c\000r\000e\000t\000a}{chapter.0.4.2}% 159
\BOOKMARK [3][-]{subsubsection.0.4.2.12}{\376\377\000D\000e\000f\000i\000n\000i\000c\000i\000\363\000n\000\040\000d\000e\000\040\000c\000o\000n\000v\000e\000r\000g\000e\000n\000c\000i\000a\000\040\000C\000e\000s\000\340\000r\000o}{chapter.0.4.2}% 160
\BOOKMARK [3][-]{subsubsection.0.4.2.13}{\376\377\000T\000e\000o\000r\000e\000m\000a\000\040\000d\000e\000\040\000F\000e\000j\000\350\000r}{chapter.0.4.2}% 161
\BOOKMARK [3][-]{subsubsection.0.4.2.14}{\376\377\000P\000r\000o\000p\000i\000e\000d\000a\000d\000e\000s\000\040\000d\000e\000\040\000f\000u\000n\000c\000i\000o\000n\000e\000s\000\040\000c\000o\000n\000t\000i\000n\000u\000a\000s}{chapter.0.4.2}% 162
\BOOKMARK [3][-]{subsubsection.0.4.2.15}{\376\377\000C\000o\000n\000v\000e\000r\000g\000e\000n\000c\000i\000a\000\040\000a\000n\000t\000e\000\040\000d\000i\000f\000e\000r\000e\000n\000c\000i\000a\000b\000i\000l\000i\000d\000a\000d}{chapter.0.4.2}% 163
\BOOKMARK [3][-]{subsubsection.0.4.2.16}{\376\377\000C\000o\000n\000v\000e\000r\000g\000e\000n\000c\000i\000a\000\040\000a\000n\000t\000e\000\040\000C\0002}{chapter.0.4.2}% 164
